22-Feb-2025 11:04:54.958 INFO [main] org.apache.catalina.startup.VersionLoggerListener.log Server version name:   Apache Tomcat/9.0.98
22-Feb-2025 11:04:55.050 INFO [main] org.apache.catalina.startup.VersionLoggerListener.log Server built:          Dec 5 2024 19:50:29 UTC
22-Feb-2025 11:04:55.076 INFO [main] org.apache.catalina.startup.VersionLoggerListener.log Server version number: 9.0.98.0
22-Feb-2025 11:04:55.078 INFO [main] org.apache.catalina.startup.VersionLoggerListener.log OS Name:               Linux
22-Feb-2025 11:04:55.079 INFO [main] org.apache.catalina.startup.VersionLoggerListener.log OS Version:            5.4.0-205-generic
22-Feb-2025 11:04:55.079 INFO [main] org.apache.catalina.startup.VersionLoggerListener.log Architecture:          amd64
22-Feb-2025 11:04:55.079 INFO [main] org.apache.catalina.startup.VersionLoggerListener.log Java Home:             /usr/local/jdk1.8.0_112/jre
22-Feb-2025 11:04:55.079 INFO [main] org.apache.catalina.startup.VersionLoggerListener.log JVM Version:           1.8.0_112-b15
22-Feb-2025 11:04:55.080 INFO [main] org.apache.catalina.startup.VersionLoggerListener.log JVM Vendor:            Oracle Corporation
22-Feb-2025 11:04:55.080 INFO [main] org.apache.catalina.startup.VersionLoggerListener.log CATALINA_BASE:         /home/delca/Desktop/mlogica_project/apache-tomcat-9.0.98
22-Feb-2025 11:04:55.080 INFO [main] org.apache.catalina.startup.VersionLoggerListener.log CATALINA_HOME:         /home/delca/Desktop/mlogica_project/apache-tomcat-9.0.98
22-Feb-2025 11:04:55.264 INFO [main] org.apache.catalina.startup.VersionLoggerListener.log Command line argument: -Djava.util.logging.config.file=/home/delca/Desktop/mlogica_project/apache-tomcat-9.0.98/conf/logging.properties
22-Feb-2025 11:04:55.265 INFO [main] org.apache.catalina.startup.VersionLoggerListener.log Command line argument: -Djava.util.logging.manager=org.apache.juli.ClassLoaderLogManager
22-Feb-2025 11:04:55.266 INFO [main] org.apache.catalina.startup.VersionLoggerListener.log Command line argument: -Djdk.tls.ephemeralDHKeySize=2048
22-Feb-2025 11:04:55.268 INFO [main] org.apache.catalina.startup.VersionLoggerListener.log Command line argument: -Djava.protocol.handler.pkgs=org.apache.catalina.webresources
22-Feb-2025 11:04:55.268 INFO [main] org.apache.catalina.startup.VersionLoggerListener.log Command line argument: -Dorg.apache.catalina.security.SecurityListener.UMASK=0027
22-Feb-2025 11:04:55.269 INFO [main] org.apache.catalina.startup.VersionLoggerListener.log Command line argument: -Dignore.endorsed.dirs=
22-Feb-2025 11:04:55.269 INFO [main] org.apache.catalina.startup.VersionLoggerListener.log Command line argument: -Dcatalina.base=/home/delca/Desktop/mlogica_project/apache-tomcat-9.0.98
22-Feb-2025 11:04:55.270 INFO [main] org.apache.catalina.startup.VersionLoggerListener.log Command line argument: -Dcatalina.home=/home/delca/Desktop/mlogica_project/apache-tomcat-9.0.98
22-Feb-2025 11:04:55.271 INFO [main] org.apache.catalina.startup.VersionLoggerListener.log Command line argument: -Djava.io.tmpdir=/home/delca/Desktop/mlogica_project/apache-tomcat-9.0.98/temp
22-Feb-2025 11:04:55.320 INFO [main] org.apache.catalina.core.AprLifecycleListener.lifecycleEvent The Apache Tomcat Native library which allows using OpenSSL was not found on the java.library.path: [/home/db2inst1/sqllib/lib64:/home/db2inst1/sqllib/lib64/gskit:/home/db2inst1/sqllib/lib32:/usr/java/packages/lib/amd64:/usr/lib64:/lib64:/lib:/usr/lib]
22-Feb-2025 11:04:57.091 INFO [main] org.apache.coyote.AbstractProtocol.init Initializing ProtocolHandler ["http-nio-8080"]
22-Feb-2025 11:04:57.260 INFO [main] org.apache.catalina.startup.Catalina.load Server initialization in [5771] milliseconds
22-Feb-2025 11:04:57.501 INFO [main] org.apache.catalina.core.StandardService.startInternal Starting service [Catalina]
22-Feb-2025 11:04:57.503 INFO [main] org.apache.catalina.core.StandardEngine.startInternal Starting Servlet engine: [Apache Tomcat/9.0.98]
22-Feb-2025 11:04:57.798 INFO [main] org.apache.catalina.startup.HostConfig.deployWAR Deploying web application archive [/home/delca/Desktop/mlogica_project/apache-tomcat-9.0.98/webapps/mlogika-spring.war]
22-Feb-2025 11:05:23.964 INFO [main] org.apache.jasper.servlet.TldScanner.scanJars At least one JAR was scanned for TLDs yet contained no TLDs. Enable debug logging for this logger for a complete list of JARs that were scanned but no TLDs were found in them. Skipping unneeded JARs during scanning can improve startup time and JSP compilation time.
22-Feb-2025 11:06:14.573 INFO [main] org.apache.catalina.startup.HostConfig.deployWAR Deployment of web application archive [/home/delca/Desktop/mlogica_project/apache-tomcat-9.0.98/webapps/mlogika-spring.war] has finished in [76,672] ms
22-Feb-2025 11:06:14.731 INFO [main] org.apache.catalina.startup.HostConfig.deployDirectory Deploying web application directory [/home/delca/Desktop/mlogica_project/apache-tomcat-9.0.98/webapps/host-manager]
22-Feb-2025 11:06:16.393 INFO [main] org.apache.catalina.startup.HostConfig.deployDirectory Deployment of web application directory [/home/delca/Desktop/mlogica_project/apache-tomcat-9.0.98/webapps/host-manager] has finished in [1,661] ms
22-Feb-2025 11:06:16.394 INFO [main] org.apache.catalina.startup.HostConfig.deployDirectory Deploying web application directory [/home/delca/Desktop/mlogica_project/apache-tomcat-9.0.98/webapps/ROOT]
22-Feb-2025 11:06:16.703 INFO [main] org.apache.catalina.startup.HostConfig.deployDirectory Deployment of web application directory [/home/delca/Desktop/mlogica_project/apache-tomcat-9.0.98/webapps/ROOT] has finished in [308] ms
22-Feb-2025 11:06:16.704 INFO [main] org.apache.catalina.startup.HostConfig.deployDirectory Deploying web application directory [/home/delca/Desktop/mlogica_project/apache-tomcat-9.0.98/webapps/manager]
22-Feb-2025 11:06:17.186 INFO [main] org.apache.catalina.startup.HostConfig.deployDirectory Deployment of web application directory [/home/delca/Desktop/mlogica_project/apache-tomcat-9.0.98/webapps/manager] has finished in [482] ms
22-Feb-2025 11:06:17.187 INFO [main] org.apache.catalina.startup.HostConfig.deployDirectory Deploying web application directory [/home/delca/Desktop/mlogica_project/apache-tomcat-9.0.98/webapps/examples]
22-Feb-2025 11:06:22.066 INFO [main] org.apache.catalina.startup.HostConfig.deployDirectory Deployment of web application directory [/home/delca/Desktop/mlogica_project/apache-tomcat-9.0.98/webapps/examples] has finished in [4,878] ms
22-Feb-2025 11:06:22.067 INFO [main] org.apache.catalina.startup.HostConfig.deployDirectory Deploying web application directory [/home/delca/Desktop/mlogica_project/apache-tomcat-9.0.98/webapps/docs]
22-Feb-2025 11:06:22.226 INFO [main] org.apache.catalina.startup.HostConfig.deployDirectory Deployment of web application directory [/home/delca/Desktop/mlogica_project/apache-tomcat-9.0.98/webapps/docs] has finished in [159] ms
22-Feb-2025 11:06:22.255 INFO [main] org.apache.coyote.AbstractProtocol.start Starting ProtocolHandler ["http-nio-8080"]
22-Feb-2025 11:06:22.851 INFO [main] org.apache.catalina.startup.Catalina.start Server startup in [85590] milliseconds
22-Feb-2025 11:14:12.470 INFO [main] org.apache.catalina.core.StandardServer.await A valid shutdown command was received via the shutdown port. Stopping the Server instance.
22-Feb-2025 11:14:12.531 INFO [main] org.apache.coyote.AbstractProtocol.pause Pausing ProtocolHandler ["http-nio-8080"]
22-Feb-2025 11:14:12.535 INFO [main] org.apache.catalina.core.StandardService.stopInternal Stopping service [Catalina]
22-Feb-2025 11:14:13.957 WARNING [main] org.apache.catalina.loader.WebappClassLoaderBase.clearReferencesThreads The web application [mlogika-spring] appears to have started a thread named [mysql-cj-abandoned-connection-cleanup] but has failed to stop it. This is very likely to create a memory leak. Stack trace of thread:
 java.lang.Object.wait(Native Method)
 java.lang.ref.ReferenceQueue.remove(ReferenceQueue.java:143)
 com.mysql.cj.jdbc.AbandonedConnectionCleanupThread.run(AbandonedConnectionCleanupThread.java:91)
 java.util.concurrent.ThreadPoolExecutor.runWorker(ThreadPoolExecutor.java:1142)
 java.util.concurrent.ThreadPoolExecutor$Worker.run(ThreadPoolExecutor.java:617)
 java.lang.Thread.run(Thread.java:745)
22-Feb-2025 11:14:13.973 INFO [main] org.apache.coyote.AbstractProtocol.stop Stopping ProtocolHandler ["http-nio-8080"]
22-Feb-2025 11:14:13.988 INFO [main] org.apache.coyote.AbstractProtocol.destroy Destroying ProtocolHandler ["http-nio-8080"]
22-Feb-2025 11:36:24.225 INFO [main] org.apache.catalina.startup.VersionLoggerListener.log Server version name:   Apache Tomcat/9.0.98
22-Feb-2025 11:36:24.973 INFO [main] org.apache.catalina.startup.VersionLoggerListener.log Server built:          Dec 5 2024 19:50:29 UTC
22-Feb-2025 11:36:24.974 INFO [main] org.apache.catalina.startup.VersionLoggerListener.log Server version number: 9.0.98.0
22-Feb-2025 11:36:24.974 INFO [main] org.apache.catalina.startup.VersionLoggerListener.log OS Name:               Linux
22-Feb-2025 11:36:24.974 INFO [main] org.apache.catalina.startup.VersionLoggerListener.log OS Version:            5.4.0-205-generic
22-Feb-2025 11:36:24.974 INFO [main] org.apache.catalina.startup.VersionLoggerListener.log Architecture:          amd64
22-Feb-2025 11:36:24.974 INFO [main] org.apache.catalina.startup.VersionLoggerListener.log Java Home:             /usr/local/jdk1.8.0_112/jre
22-Feb-2025 11:36:24.975 INFO [main] org.apache.catalina.startup.VersionLoggerListener.log JVM Version:           1.8.0_112-b15
22-Feb-2025 11:36:24.975 INFO [main] org.apache.catalina.startup.VersionLoggerListener.log JVM Vendor:            Oracle Corporation
22-Feb-2025 11:36:24.975 INFO [main] org.apache.catalina.startup.VersionLoggerListener.log CATALINA_BASE:         /home/delca/Desktop/mlogica_project/apache-tomcat-9.0.98
22-Feb-2025 11:36:24.975 INFO [main] org.apache.catalina.startup.VersionLoggerListener.log CATALINA_HOME:         /home/delca/Desktop/mlogica_project/apache-tomcat-9.0.98
22-Feb-2025 11:36:25.243 INFO [main] org.apache.catalina.startup.VersionLoggerListener.log Command line argument: -Djava.util.logging.config.file=/home/delca/Desktop/mlogica_project/apache-tomcat-9.0.98/conf/logging.properties
22-Feb-2025 11:36:25.244 INFO [main] org.apache.catalina.startup.VersionLoggerListener.log Command line argument: -Djava.util.logging.manager=org.apache.juli.ClassLoaderLogManager
22-Feb-2025 11:36:25.244 INFO [main] org.apache.catalina.startup.VersionLoggerListener.log Command line argument: -Djdk.tls.ephemeralDHKeySize=2048
22-Feb-2025 11:36:25.245 INFO [main] org.apache.catalina.startup.VersionLoggerListener.log Command line argument: -Djava.protocol.handler.pkgs=org.apache.catalina.webresources
22-Feb-2025 11:36:25.245 INFO [main] org.apache.catalina.startup.VersionLoggerListener.log Command line argument: -Dorg.apache.catalina.security.SecurityListener.UMASK=0027
22-Feb-2025 11:36:25.246 INFO [main] org.apache.catalina.startup.VersionLoggerListener.log Command line argument: -Dignore.endorsed.dirs=
22-Feb-2025 11:36:25.246 INFO [main] org.apache.catalina.startup.VersionLoggerListener.log Command line argument: -Dcatalina.base=/home/delca/Desktop/mlogica_project/apache-tomcat-9.0.98
22-Feb-2025 11:36:25.247 INFO [main] org.apache.catalina.startup.VersionLoggerListener.log Command line argument: -Dcatalina.home=/home/delca/Desktop/mlogica_project/apache-tomcat-9.0.98
22-Feb-2025 11:36:25.247 INFO [main] org.apache.catalina.startup.VersionLoggerListener.log Command line argument: -Djava.io.tmpdir=/home/delca/Desktop/mlogica_project/apache-tomcat-9.0.98/temp
22-Feb-2025 11:36:25.312 INFO [main] org.apache.catalina.core.AprLifecycleListener.lifecycleEvent The Apache Tomcat Native library which allows using OpenSSL was not found on the java.library.path: [/home/db2inst1/sqllib/lib64:/home/db2inst1/sqllib/lib64/gskit:/home/db2inst1/sqllib/lib32:/usr/java/packages/lib/amd64:/usr/lib64:/lib64:/lib:/usr/lib]
22-Feb-2025 11:36:30.359 INFO [main] org.apache.coyote.AbstractProtocol.init Initializing ProtocolHandler ["http-nio-8080"]
22-Feb-2025 11:36:30.471 INFO [main] org.apache.catalina.startup.Catalina.load Server initialization in [9526] milliseconds
22-Feb-2025 11:36:30.582 INFO [main] org.apache.catalina.core.StandardService.startInternal Starting service [Catalina]
22-Feb-2025 11:36:30.583 INFO [main] org.apache.catalina.core.StandardEngine.startInternal Starting Servlet engine: [Apache Tomcat/9.0.98]
22-Feb-2025 11:36:30.655 INFO [main] org.apache.catalina.startup.HostConfig.deployWAR Deploying web application archive [/home/delca/Desktop/mlogica_project/apache-tomcat-9.0.98/webapps/mlogika-spring.war]
22-Feb-2025 11:36:36.758 INFO [main] org.apache.jasper.servlet.TldScanner.scanJars At least one JAR was scanned for TLDs yet contained no TLDs. Enable debug logging for this logger for a complete list of JARs that were scanned but no TLDs were found in them. Skipping unneeded JARs during scanning can improve startup time and JSP compilation time.
22-Feb-2025 11:36:58.842 INFO [main] org.apache.catalina.startup.HostConfig.deployWAR Deployment of web application archive [/home/delca/Desktop/mlogica_project/apache-tomcat-9.0.98/webapps/mlogika-spring.war] has finished in [28,168] ms
22-Feb-2025 11:36:58.844 INFO [main] org.apache.catalina.startup.HostConfig.deployDirectory Deploying web application directory [/home/delca/Desktop/mlogica_project/apache-tomcat-9.0.98/webapps/host-manager]
22-Feb-2025 11:36:58.967 INFO [main] org.apache.catalina.startup.HostConfig.deployDirectory Deployment of web application directory [/home/delca/Desktop/mlogica_project/apache-tomcat-9.0.98/webapps/host-manager] has finished in [124] ms
22-Feb-2025 11:36:58.970 INFO [main] org.apache.catalina.startup.HostConfig.deployDirectory Deploying web application directory [/home/delca/Desktop/mlogica_project/apache-tomcat-9.0.98/webapps/ROOT]
22-Feb-2025 11:36:59.024 INFO [main] org.apache.catalina.startup.HostConfig.deployDirectory Deployment of web application directory [/home/delca/Desktop/mlogica_project/apache-tomcat-9.0.98/webapps/ROOT] has finished in [54] ms
22-Feb-2025 11:36:59.026 INFO [main] org.apache.catalina.startup.HostConfig.deployDirectory Deploying web application directory [/home/delca/Desktop/mlogica_project/apache-tomcat-9.0.98/webapps/manager]
22-Feb-2025 11:36:59.104 INFO [main] org.apache.catalina.startup.HostConfig.deployDirectory Deployment of web application directory [/home/delca/Desktop/mlogica_project/apache-tomcat-9.0.98/webapps/manager] has finished in [78] ms
22-Feb-2025 11:36:59.105 INFO [main] org.apache.catalina.startup.HostConfig.deployDirectory Deploying web application directory [/home/delca/Desktop/mlogica_project/apache-tomcat-9.0.98/webapps/examples]
22-Feb-2025 11:36:59.902 INFO [main] org.apache.catalina.startup.HostConfig.deployDirectory Deployment of web application directory [/home/delca/Desktop/mlogica_project/apache-tomcat-9.0.98/webapps/examples] has finished in [797] ms
22-Feb-2025 11:36:59.903 INFO [main] org.apache.catalina.startup.HostConfig.deployDirectory Deploying web application directory [/home/delca/Desktop/mlogica_project/apache-tomcat-9.0.98/webapps/docs]
22-Feb-2025 11:36:59.967 INFO [main] org.apache.catalina.startup.HostConfig.deployDirectory Deployment of web application directory [/home/delca/Desktop/mlogica_project/apache-tomcat-9.0.98/webapps/docs] has finished in [64] ms
22-Feb-2025 11:36:59.990 INFO [main] org.apache.coyote.AbstractProtocol.start Starting ProtocolHandler ["http-nio-8080"]
22-Feb-2025 11:37:00.173 INFO [main] org.apache.catalina.startup.Catalina.start Server startup in [29701] milliseconds
22-Feb-2025 11:38:51.559 INFO [main] org.apache.catalina.core.StandardServer.await A valid shutdown command was received via the shutdown port. Stopping the Server instance.
22-Feb-2025 11:38:51.559 INFO [main] org.apache.coyote.AbstractProtocol.pause Pausing ProtocolHandler ["http-nio-8080"]
22-Feb-2025 11:38:51.562 INFO [main] org.apache.catalina.core.StandardService.stopInternal Stopping service [Catalina]
22-Feb-2025 11:38:51.691 WARNING [main] org.apache.catalina.loader.WebappClassLoaderBase.clearReferencesThreads The web application [mlogika-spring] appears to have started a thread named [mysql-cj-abandoned-connection-cleanup] but has failed to stop it. This is very likely to create a memory leak. Stack trace of thread:
 java.lang.Object.wait(Native Method)
 java.lang.ref.ReferenceQueue.remove(ReferenceQueue.java:143)
 com.mysql.cj.jdbc.AbandonedConnectionCleanupThread.run(AbandonedConnectionCleanupThread.java:91)
 java.util.concurrent.ThreadPoolExecutor.runWorker(ThreadPoolExecutor.java:1142)
 java.util.concurrent.ThreadPoolExecutor$Worker.run(ThreadPoolExecutor.java:617)
 java.lang.Thread.run(Thread.java:745)
22-Feb-2025 11:38:51.703 INFO [main] org.apache.coyote.AbstractProtocol.stop Stopping ProtocolHandler ["http-nio-8080"]
22-Feb-2025 11:38:51.721 INFO [main] org.apache.coyote.AbstractProtocol.destroy Destroying ProtocolHandler ["http-nio-8080"]
