20-Feb-2025 13:09:04.696 INFO [main] org.apache.catalina.startup.VersionLoggerListener.log Server version name:   Apache Tomcat/9.0.98
20-Feb-2025 13:09:04.778 INFO [main] org.apache.catalina.startup.VersionLoggerListener.log Server built:          Dec 5 2024 19:50:29 UTC
20-Feb-2025 13:09:04.800 INFO [main] org.apache.catalina.startup.VersionLoggerListener.log Server version number: 9.0.98.0
20-Feb-2025 13:09:04.800 INFO [main] org.apache.catalina.startup.VersionLoggerListener.log OS Name:               Linux
20-Feb-2025 13:09:04.801 INFO [main] org.apache.catalina.startup.VersionLoggerListener.log OS Version:            5.4.0-205-generic
20-Feb-2025 13:09:04.801 INFO [main] org.apache.catalina.startup.VersionLoggerListener.log Architecture:          amd64
20-Feb-2025 13:09:04.801 INFO [main] org.apache.catalina.startup.VersionLoggerListener.log Java Home:             /usr/local/jdk1.8.0_112/jre
20-Feb-2025 13:09:04.801 INFO [main] org.apache.catalina.startup.VersionLoggerListener.log JVM Version:           1.8.0_112-b15
20-Feb-2025 13:09:04.802 INFO [main] org.apache.catalina.startup.VersionLoggerListener.log JVM Vendor:            Oracle Corporation
20-Feb-2025 13:09:04.802 INFO [main] org.apache.catalina.startup.VersionLoggerListener.log CATALINA_BASE:         /home/delca/Desktop/mlogica_project/apache-tomcat-9.0.98
20-Feb-2025 13:09:04.802 INFO [main] org.apache.catalina.startup.VersionLoggerListener.log CATALINA_HOME:         /home/delca/Desktop/mlogica_project/apache-tomcat-9.0.98
20-Feb-2025 13:09:04.834 INFO [main] org.apache.catalina.startup.VersionLoggerListener.log Command line argument: -Djava.util.logging.config.file=/home/delca/Desktop/mlogica_project/apache-tomcat-9.0.98/conf/logging.properties
20-Feb-2025 13:09:04.835 INFO [main] org.apache.catalina.startup.VersionLoggerListener.log Command line argument: -Djava.util.logging.manager=org.apache.juli.ClassLoaderLogManager
20-Feb-2025 13:09:04.836 INFO [main] org.apache.catalina.startup.VersionLoggerListener.log Command line argument: -Djdk.tls.ephemeralDHKeySize=2048
20-Feb-2025 13:09:04.836 INFO [main] org.apache.catalina.startup.VersionLoggerListener.log Command line argument: -Djava.protocol.handler.pkgs=org.apache.catalina.webresources
20-Feb-2025 13:09:04.836 INFO [main] org.apache.catalina.startup.VersionLoggerListener.log Command line argument: -Dorg.apache.catalina.security.SecurityListener.UMASK=0027
20-Feb-2025 13:09:04.836 INFO [main] org.apache.catalina.startup.VersionLoggerListener.log Command line argument: -Dignore.endorsed.dirs=
20-Feb-2025 13:09:04.837 INFO [main] org.apache.catalina.startup.VersionLoggerListener.log Command line argument: -Dcatalina.base=/home/delca/Desktop/mlogica_project/apache-tomcat-9.0.98
20-Feb-2025 13:09:04.837 INFO [main] org.apache.catalina.startup.VersionLoggerListener.log Command line argument: -Dcatalina.home=/home/delca/Desktop/mlogica_project/apache-tomcat-9.0.98
20-Feb-2025 13:09:04.837 INFO [main] org.apache.catalina.startup.VersionLoggerListener.log Command line argument: -Djava.io.tmpdir=/home/delca/Desktop/mlogica_project/apache-tomcat-9.0.98/temp
20-Feb-2025 13:09:04.842 INFO [main] org.apache.catalina.core.AprLifecycleListener.lifecycleEvent The Apache Tomcat Native library which allows using OpenSSL was not found on the java.library.path: [/home/db2inst1/sqllib/lib64:/home/db2inst1/sqllib/lib64/gskit:/home/db2inst1/sqllib/lib32:/usr/java/packages/lib/amd64:/usr/lib64:/lib64:/lib:/usr/lib]
20-Feb-2025 13:09:06.799 INFO [main] org.apache.coyote.AbstractProtocol.init Initializing ProtocolHandler ["http-nio-8080"]
20-Feb-2025 13:09:07.000 INFO [main] org.apache.catalina.startup.Catalina.load Server initialization in [3440] milliseconds
20-Feb-2025 13:09:07.161 INFO [main] org.apache.catalina.core.StandardService.startInternal Starting service [Catalina]
20-Feb-2025 13:09:07.166 INFO [main] org.apache.catalina.core.StandardEngine.startInternal Starting Servlet engine: [Apache Tomcat/9.0.98]
20-Feb-2025 13:09:07.240 INFO [main] org.apache.catalina.startup.HostConfig.deployWAR Deploying web application archive [/home/delca/Desktop/mlogica_project/apache-tomcat-9.0.98/webapps/mlogika-spring.war]
20-Feb-2025 13:09:15.653 INFO [main] org.apache.jasper.servlet.TldScanner.scanJars At least one JAR was scanned for TLDs yet contained no TLDs. Enable debug logging for this logger for a complete list of JARs that were scanned but no TLDs were found in them. Skipping unneeded JARs during scanning can improve startup time and JSP compilation time.
20-Feb-2025 13:09:36.068 INFO [main] org.apache.catalina.startup.HostConfig.deployWAR Deployment of web application archive [/home/delca/Desktop/mlogica_project/apache-tomcat-9.0.98/webapps/mlogika-spring.war] has finished in [28,819] ms
20-Feb-2025 13:09:36.071 INFO [main] org.apache.catalina.startup.HostConfig.deployDirectory Deploying web application directory [/home/delca/Desktop/mlogica_project/apache-tomcat-9.0.98/webapps/host-manager]
20-Feb-2025 13:09:36.192 INFO [main] org.apache.catalina.startup.HostConfig.deployDirectory Deployment of web application directory [/home/delca/Desktop/mlogica_project/apache-tomcat-9.0.98/webapps/host-manager] has finished in [121] ms
20-Feb-2025 13:09:36.193 INFO [main] org.apache.catalina.startup.HostConfig.deployDirectory Deploying web application directory [/home/delca/Desktop/mlogica_project/apache-tomcat-9.0.98/webapps/ROOT]
20-Feb-2025 13:09:36.283 INFO [main] org.apache.catalina.startup.HostConfig.deployDirectory Deployment of web application directory [/home/delca/Desktop/mlogica_project/apache-tomcat-9.0.98/webapps/ROOT] has finished in [90] ms
20-Feb-2025 13:09:36.285 INFO [main] org.apache.catalina.startup.HostConfig.deployDirectory Deploying web application directory [/home/delca/Desktop/mlogica_project/apache-tomcat-9.0.98/webapps/manager]
20-Feb-2025 13:09:36.463 INFO [main] org.apache.catalina.startup.HostConfig.deployDirectory Deployment of web application directory [/home/delca/Desktop/mlogica_project/apache-tomcat-9.0.98/webapps/manager] has finished in [179] ms
20-Feb-2025 13:09:36.464 INFO [main] org.apache.catalina.startup.HostConfig.deployDirectory Deploying web application directory [/home/delca/Desktop/mlogica_project/apache-tomcat-9.0.98/webapps/examples]
20-Feb-2025 13:09:37.308 INFO [main] org.apache.catalina.startup.HostConfig.deployDirectory Deployment of web application directory [/home/delca/Desktop/mlogica_project/apache-tomcat-9.0.98/webapps/examples] has finished in [844] ms
20-Feb-2025 13:09:37.314 INFO [main] org.apache.catalina.startup.HostConfig.deployDirectory Deploying web application directory [/home/delca/Desktop/mlogica_project/apache-tomcat-9.0.98/webapps/docs]
20-Feb-2025 13:09:37.377 INFO [main] org.apache.catalina.startup.HostConfig.deployDirectory Deployment of web application directory [/home/delca/Desktop/mlogica_project/apache-tomcat-9.0.98/webapps/docs] has finished in [63] ms
20-Feb-2025 13:09:37.400 INFO [main] org.apache.coyote.AbstractProtocol.start Starting ProtocolHandler ["http-nio-8080"]
20-Feb-2025 13:09:37.484 INFO [main] org.apache.catalina.startup.Catalina.start Server startup in [30482] milliseconds
20-Feb-2025 13:17:58.800 INFO [main] org.apache.catalina.core.StandardServer.await A valid shutdown command was received via the shutdown port. Stopping the Server instance.
20-Feb-2025 13:17:58.816 INFO [main] org.apache.coyote.AbstractProtocol.pause Pausing ProtocolHandler ["http-nio-8080"]
20-Feb-2025 13:17:58.820 INFO [main] org.apache.catalina.core.StandardService.stopInternal Stopping service [Catalina]
20-Feb-2025 13:17:59.541 WARNING [main] org.apache.catalina.loader.WebappClassLoaderBase.clearReferencesThreads The web application [mlogika-spring] appears to have started a thread named [mysql-cj-abandoned-connection-cleanup] but has failed to stop it. This is very likely to create a memory leak. Stack trace of thread:
 java.lang.Object.wait(Native Method)
 java.lang.ref.ReferenceQueue.remove(ReferenceQueue.java:143)
 com.mysql.cj.jdbc.AbandonedConnectionCleanupThread.run(AbandonedConnectionCleanupThread.java:91)
 java.util.concurrent.ThreadPoolExecutor.runWorker(ThreadPoolExecutor.java:1142)
 java.util.concurrent.ThreadPoolExecutor$Worker.run(ThreadPoolExecutor.java:617)
 java.lang.Thread.run(Thread.java:745)
20-Feb-2025 13:17:59.571 INFO [main] org.apache.coyote.AbstractProtocol.stop Stopping ProtocolHandler ["http-nio-8080"]
20-Feb-2025 13:17:59.587 INFO [main] org.apache.coyote.AbstractProtocol.destroy Destroying ProtocolHandler ["http-nio-8080"]
20-Feb-2025 13:19:13.211 INFO [main] org.apache.catalina.startup.VersionLoggerListener.log Server version name:   Apache Tomcat/9.0.98
20-Feb-2025 13:19:13.268 INFO [main] org.apache.catalina.startup.VersionLoggerListener.log Server built:          Dec 5 2024 19:50:29 UTC
20-Feb-2025 13:19:13.268 INFO [main] org.apache.catalina.startup.VersionLoggerListener.log Server version number: 9.0.98.0
20-Feb-2025 13:19:13.268 INFO [main] org.apache.catalina.startup.VersionLoggerListener.log OS Name:               Linux
20-Feb-2025 13:19:13.269 INFO [main] org.apache.catalina.startup.VersionLoggerListener.log OS Version:            5.4.0-205-generic
20-Feb-2025 13:19:13.269 INFO [main] org.apache.catalina.startup.VersionLoggerListener.log Architecture:          amd64
20-Feb-2025 13:19:13.269 INFO [main] org.apache.catalina.startup.VersionLoggerListener.log Java Home:             /usr/local/jdk1.8.0_112/jre
20-Feb-2025 13:19:13.269 INFO [main] org.apache.catalina.startup.VersionLoggerListener.log JVM Version:           1.8.0_112-b15
20-Feb-2025 13:19:13.270 INFO [main] org.apache.catalina.startup.VersionLoggerListener.log JVM Vendor:            Oracle Corporation
20-Feb-2025 13:19:13.270 INFO [main] org.apache.catalina.startup.VersionLoggerListener.log CATALINA_BASE:         /home/delca/Desktop/mlogica_project/apache-tomcat-9.0.98
20-Feb-2025 13:19:13.270 INFO [main] org.apache.catalina.startup.VersionLoggerListener.log CATALINA_HOME:         /home/delca/Desktop/mlogica_project/apache-tomcat-9.0.98
20-Feb-2025 13:19:13.317 INFO [main] org.apache.catalina.startup.VersionLoggerListener.log Command line argument: -Djava.util.logging.config.file=/home/delca/Desktop/mlogica_project/apache-tomcat-9.0.98/conf/logging.properties
20-Feb-2025 13:19:13.317 INFO [main] org.apache.catalina.startup.VersionLoggerListener.log Command line argument: -Djava.util.logging.manager=org.apache.juli.ClassLoaderLogManager
20-Feb-2025 13:19:13.318 INFO [main] org.apache.catalina.startup.VersionLoggerListener.log Command line argument: -Djdk.tls.ephemeralDHKeySize=2048
20-Feb-2025 13:19:13.318 INFO [main] org.apache.catalina.startup.VersionLoggerListener.log Command line argument: -Djava.protocol.handler.pkgs=org.apache.catalina.webresources
20-Feb-2025 13:19:13.318 INFO [main] org.apache.catalina.startup.VersionLoggerListener.log Command line argument: -Dorg.apache.catalina.security.SecurityListener.UMASK=0027
20-Feb-2025 13:19:13.318 INFO [main] org.apache.catalina.startup.VersionLoggerListener.log Command line argument: -Dignore.endorsed.dirs=
20-Feb-2025 13:19:13.319 INFO [main] org.apache.catalina.startup.VersionLoggerListener.log Command line argument: -Dcatalina.base=/home/delca/Desktop/mlogica_project/apache-tomcat-9.0.98
20-Feb-2025 13:19:13.319 INFO [main] org.apache.catalina.startup.VersionLoggerListener.log Command line argument: -Dcatalina.home=/home/delca/Desktop/mlogica_project/apache-tomcat-9.0.98
20-Feb-2025 13:19:13.319 INFO [main] org.apache.catalina.startup.VersionLoggerListener.log Command line argument: -Djava.io.tmpdir=/home/delca/Desktop/mlogica_project/apache-tomcat-9.0.98/temp
20-Feb-2025 13:19:13.337 INFO [main] org.apache.catalina.core.AprLifecycleListener.lifecycleEvent The Apache Tomcat Native library which allows using OpenSSL was not found on the java.library.path: [/home/db2inst1/sqllib/lib64:/home/db2inst1/sqllib/lib64/gskit:/home/db2inst1/sqllib/lib32:/usr/java/packages/lib/amd64:/usr/lib64:/lib64:/lib:/usr/lib]
20-Feb-2025 13:19:15.120 INFO [main] org.apache.coyote.AbstractProtocol.init Initializing ProtocolHandler ["http-nio-8080"]
20-Feb-2025 13:19:15.231 INFO [main] org.apache.catalina.startup.Catalina.load Server initialization in [2688] milliseconds
20-Feb-2025 13:19:15.402 INFO [main] org.apache.catalina.core.StandardService.startInternal Starting service [Catalina]
20-Feb-2025 13:19:15.403 INFO [main] org.apache.catalina.core.StandardEngine.startInternal Starting Servlet engine: [Apache Tomcat/9.0.98]
20-Feb-2025 13:19:15.496 INFO [main] org.apache.catalina.startup.HostConfig.deployWAR Deploying web application archive [/home/delca/Desktop/mlogica_project/apache-tomcat-9.0.98/webapps/mlogika-spring.war]
20-Feb-2025 13:19:23.762 INFO [main] org.apache.jasper.servlet.TldScanner.scanJars At least one JAR was scanned for TLDs yet contained no TLDs. Enable debug logging for this logger for a complete list of JARs that were scanned but no TLDs were found in them. Skipping unneeded JARs during scanning can improve startup time and JSP compilation time.
20-Feb-2025 13:19:41.516 INFO [main] org.apache.catalina.startup.HostConfig.deployWAR Deployment of web application archive [/home/delca/Desktop/mlogica_project/apache-tomcat-9.0.98/webapps/mlogika-spring.war] has finished in [26,003] ms
20-Feb-2025 13:19:41.519 INFO [main] org.apache.catalina.startup.HostConfig.deployDirectory Deploying web application directory [/home/delca/Desktop/mlogica_project/apache-tomcat-9.0.98/webapps/host-manager]
20-Feb-2025 13:19:41.737 INFO [main] org.apache.catalina.startup.HostConfig.deployDirectory Deployment of web application directory [/home/delca/Desktop/mlogica_project/apache-tomcat-9.0.98/webapps/host-manager] has finished in [219] ms
20-Feb-2025 13:19:41.738 INFO [main] org.apache.catalina.startup.HostConfig.deployDirectory Deploying web application directory [/home/delca/Desktop/mlogica_project/apache-tomcat-9.0.98/webapps/ROOT]
20-Feb-2025 13:19:41.866 INFO [main] org.apache.catalina.startup.HostConfig.deployDirectory Deployment of web application directory [/home/delca/Desktop/mlogica_project/apache-tomcat-9.0.98/webapps/ROOT] has finished in [128] ms
20-Feb-2025 13:19:41.869 INFO [main] org.apache.catalina.startup.HostConfig.deployDirectory Deploying web application directory [/home/delca/Desktop/mlogica_project/apache-tomcat-9.0.98/webapps/manager]
20-Feb-2025 13:19:41.936 INFO [main] org.apache.catalina.startup.HostConfig.deployDirectory Deployment of web application directory [/home/delca/Desktop/mlogica_project/apache-tomcat-9.0.98/webapps/manager] has finished in [67] ms
20-Feb-2025 13:19:41.938 INFO [main] org.apache.catalina.startup.HostConfig.deployDirectory Deploying web application directory [/home/delca/Desktop/mlogica_project/apache-tomcat-9.0.98/webapps/examples]
20-Feb-2025 13:19:42.684 INFO [main] org.apache.catalina.startup.HostConfig.deployDirectory Deployment of web application directory [/home/delca/Desktop/mlogica_project/apache-tomcat-9.0.98/webapps/examples] has finished in [743] ms
20-Feb-2025 13:19:42.685 INFO [main] org.apache.catalina.startup.HostConfig.deployDirectory Deploying web application directory [/home/delca/Desktop/mlogica_project/apache-tomcat-9.0.98/webapps/docs]
20-Feb-2025 13:19:42.812 INFO [main] org.apache.catalina.startup.HostConfig.deployDirectory Deployment of web application directory [/home/delca/Desktop/mlogica_project/apache-tomcat-9.0.98/webapps/docs] has finished in [127] ms
20-Feb-2025 13:19:42.835 INFO [main] org.apache.coyote.AbstractProtocol.start Starting ProtocolHandler ["http-nio-8080"]
20-Feb-2025 13:19:42.905 INFO [main] org.apache.catalina.startup.Catalina.start Server startup in [27673] milliseconds
20-Feb-2025 13:28:20.906 INFO [main] org.apache.catalina.core.StandardServer.await A valid shutdown command was received via the shutdown port. Stopping the Server instance.
20-Feb-2025 13:28:20.907 INFO [main] org.apache.coyote.AbstractProtocol.pause Pausing ProtocolHandler ["http-nio-8080"]
20-Feb-2025 13:28:20.910 INFO [main] org.apache.catalina.core.StandardService.stopInternal Stopping service [Catalina]
20-Feb-2025 13:28:21.312 WARNING [main] org.apache.catalina.loader.WebappClassLoaderBase.clearReferencesThreads The web application [mlogika-spring] appears to have started a thread named [mysql-cj-abandoned-connection-cleanup] but has failed to stop it. This is very likely to create a memory leak. Stack trace of thread:
 java.lang.Object.wait(Native Method)
 java.lang.ref.ReferenceQueue.remove(ReferenceQueue.java:143)
 com.mysql.cj.jdbc.AbandonedConnectionCleanupThread.run(AbandonedConnectionCleanupThread.java:91)
 java.util.concurrent.ThreadPoolExecutor.runWorker(ThreadPoolExecutor.java:1142)
 java.util.concurrent.ThreadPoolExecutor$Worker.run(ThreadPoolExecutor.java:617)
 java.lang.Thread.run(Thread.java:745)
20-Feb-2025 13:28:21.337 INFO [main] org.apache.coyote.AbstractProtocol.stop Stopping ProtocolHandler ["http-nio-8080"]
20-Feb-2025 13:28:21.355 INFO [main] org.apache.coyote.AbstractProtocol.destroy Destroying ProtocolHandler ["http-nio-8080"]
20-Feb-2025 13:30:55.784 INFO [main] org.apache.catalina.startup.VersionLoggerListener.log Server version name:   Apache Tomcat/9.0.98
20-Feb-2025 13:30:55.787 INFO [main] org.apache.catalina.startup.VersionLoggerListener.log Server built:          Dec 5 2024 19:50:29 UTC
20-Feb-2025 13:30:55.788 INFO [main] org.apache.catalina.startup.VersionLoggerListener.log Server version number: 9.0.98.0
20-Feb-2025 13:30:55.788 INFO [main] org.apache.catalina.startup.VersionLoggerListener.log OS Name:               Linux
20-Feb-2025 13:30:55.788 INFO [main] org.apache.catalina.startup.VersionLoggerListener.log OS Version:            5.4.0-205-generic
20-Feb-2025 13:30:55.789 INFO [main] org.apache.catalina.startup.VersionLoggerListener.log Architecture:          amd64
20-Feb-2025 13:30:55.789 INFO [main] org.apache.catalina.startup.VersionLoggerListener.log Java Home:             /usr/local/jdk1.8.0_112/jre
20-Feb-2025 13:30:55.789 INFO [main] org.apache.catalina.startup.VersionLoggerListener.log JVM Version:           1.8.0_112-b15
20-Feb-2025 13:30:55.789 INFO [main] org.apache.catalina.startup.VersionLoggerListener.log JVM Vendor:            Oracle Corporation
20-Feb-2025 13:30:55.789 INFO [main] org.apache.catalina.startup.VersionLoggerListener.log CATALINA_BASE:         /home/delca/Desktop/mlogica_project/apache-tomcat-9.0.98
20-Feb-2025 13:30:55.790 INFO [main] org.apache.catalina.startup.VersionLoggerListener.log CATALINA_HOME:         /home/delca/Desktop/mlogica_project/apache-tomcat-9.0.98
20-Feb-2025 13:30:55.791 INFO [main] org.apache.catalina.startup.VersionLoggerListener.log Command line argument: -Djava.util.logging.config.file=/home/delca/Desktop/mlogica_project/apache-tomcat-9.0.98/conf/logging.properties
20-Feb-2025 13:30:55.791 INFO [main] org.apache.catalina.startup.VersionLoggerListener.log Command line argument: -Djava.util.logging.manager=org.apache.juli.ClassLoaderLogManager
20-Feb-2025 13:30:55.792 INFO [main] org.apache.catalina.startup.VersionLoggerListener.log Command line argument: -Djdk.tls.ephemeralDHKeySize=2048
20-Feb-2025 13:30:55.792 INFO [main] org.apache.catalina.startup.VersionLoggerListener.log Command line argument: -Djava.protocol.handler.pkgs=org.apache.catalina.webresources
20-Feb-2025 13:30:55.792 INFO [main] org.apache.catalina.startup.VersionLoggerListener.log Command line argument: -Dorg.apache.catalina.security.SecurityListener.UMASK=0027
20-Feb-2025 13:30:55.792 INFO [main] org.apache.catalina.startup.VersionLoggerListener.log Command line argument: -Dignore.endorsed.dirs=
20-Feb-2025 13:30:55.792 INFO [main] org.apache.catalina.startup.VersionLoggerListener.log Command line argument: -Dcatalina.base=/home/delca/Desktop/mlogica_project/apache-tomcat-9.0.98
20-Feb-2025 13:30:55.793 INFO [main] org.apache.catalina.startup.VersionLoggerListener.log Command line argument: -Dcatalina.home=/home/delca/Desktop/mlogica_project/apache-tomcat-9.0.98
20-Feb-2025 13:30:55.793 INFO [main] org.apache.catalina.startup.VersionLoggerListener.log Command line argument: -Djava.io.tmpdir=/home/delca/Desktop/mlogica_project/apache-tomcat-9.0.98/temp
20-Feb-2025 13:30:55.797 INFO [main] org.apache.catalina.core.AprLifecycleListener.lifecycleEvent The Apache Tomcat Native library which allows using OpenSSL was not found on the java.library.path: [/home/db2inst1/sqllib/lib64:/home/db2inst1/sqllib/lib64/gskit:/home/db2inst1/sqllib/lib32:/usr/java/packages/lib/amd64:/usr/lib64:/lib64:/lib:/usr/lib]
20-Feb-2025 13:30:56.694 INFO [main] org.apache.coyote.AbstractProtocol.init Initializing ProtocolHandler ["http-nio-8080"]
20-Feb-2025 13:30:56.790 INFO [main] org.apache.catalina.startup.Catalina.load Server initialization in [1408] milliseconds
20-Feb-2025 13:30:56.914 INFO [main] org.apache.catalina.core.StandardService.startInternal Starting service [Catalina]
20-Feb-2025 13:30:56.918 INFO [main] org.apache.catalina.core.StandardEngine.startInternal Starting Servlet engine: [Apache Tomcat/9.0.98]
20-Feb-2025 13:30:56.964 INFO [main] org.apache.catalina.startup.HostConfig.deployWAR Deploying web application archive [/home/delca/Desktop/mlogica_project/apache-tomcat-9.0.98/webapps/mlogika-spring.war]
20-Feb-2025 13:31:03.535 INFO [main] org.apache.jasper.servlet.TldScanner.scanJars At least one JAR was scanned for TLDs yet contained no TLDs. Enable debug logging for this logger for a complete list of JARs that were scanned but no TLDs were found in them. Skipping unneeded JARs during scanning can improve startup time and JSP compilation time.
20-Feb-2025 13:31:23.981 INFO [main] org.apache.catalina.startup.HostConfig.deployWAR Deployment of web application archive [/home/delca/Desktop/mlogica_project/apache-tomcat-9.0.98/webapps/mlogika-spring.war] has finished in [27,016] ms
20-Feb-2025 13:31:23.983 INFO [main] org.apache.catalina.startup.HostConfig.deployDirectory Deploying web application directory [/home/delca/Desktop/mlogica_project/apache-tomcat-9.0.98/webapps/host-manager]
20-Feb-2025 13:31:24.091 INFO [main] org.apache.catalina.startup.HostConfig.deployDirectory Deployment of web application directory [/home/delca/Desktop/mlogica_project/apache-tomcat-9.0.98/webapps/host-manager] has finished in [108] ms
20-Feb-2025 13:31:24.092 INFO [main] org.apache.catalina.startup.HostConfig.deployDirectory Deploying web application directory [/home/delca/Desktop/mlogica_project/apache-tomcat-9.0.98/webapps/ROOT]
20-Feb-2025 13:31:24.147 INFO [main] org.apache.catalina.startup.HostConfig.deployDirectory Deployment of web application directory [/home/delca/Desktop/mlogica_project/apache-tomcat-9.0.98/webapps/ROOT] has finished in [55] ms
20-Feb-2025 13:31:24.148 INFO [main] org.apache.catalina.startup.HostConfig.deployDirectory Deploying web application directory [/home/delca/Desktop/mlogica_project/apache-tomcat-9.0.98/webapps/manager]
20-Feb-2025 13:31:24.201 INFO [main] org.apache.catalina.startup.HostConfig.deployDirectory Deployment of web application directory [/home/delca/Desktop/mlogica_project/apache-tomcat-9.0.98/webapps/manager] has finished in [54] ms
20-Feb-2025 13:31:24.209 INFO [main] org.apache.catalina.startup.HostConfig.deployDirectory Deploying web application directory [/home/delca/Desktop/mlogica_project/apache-tomcat-9.0.98/webapps/examples]
20-Feb-2025 13:31:24.940 INFO [main] org.apache.catalina.startup.HostConfig.deployDirectory Deployment of web application directory [/home/delca/Desktop/mlogica_project/apache-tomcat-9.0.98/webapps/examples] has finished in [736] ms
20-Feb-2025 13:31:24.940 INFO [main] org.apache.catalina.startup.HostConfig.deployDirectory Deploying web application directory [/home/delca/Desktop/mlogica_project/apache-tomcat-9.0.98/webapps/docs]
20-Feb-2025 13:31:24.988 INFO [main] org.apache.catalina.startup.HostConfig.deployDirectory Deployment of web application directory [/home/delca/Desktop/mlogica_project/apache-tomcat-9.0.98/webapps/docs] has finished in [48] ms
20-Feb-2025 13:31:24.998 INFO [main] org.apache.coyote.AbstractProtocol.start Starting ProtocolHandler ["http-nio-8080"]
20-Feb-2025 13:31:25.048 INFO [main] org.apache.catalina.startup.Catalina.start Server startup in [28257] milliseconds
20-Feb-2025 13:36:35.867 INFO [main] org.apache.catalina.core.StandardServer.await A valid shutdown command was received via the shutdown port. Stopping the Server instance.
20-Feb-2025 13:36:35.928 INFO [main] org.apache.coyote.AbstractProtocol.pause Pausing ProtocolHandler ["http-nio-8080"]
20-Feb-2025 13:36:35.934 INFO [main] org.apache.catalina.core.StandardService.stopInternal Stopping service [Catalina]
20-Feb-2025 13:36:36.609 WARNING [main] org.apache.catalina.loader.WebappClassLoaderBase.clearReferencesThreads The web application [mlogika-spring] appears to have started a thread named [mysql-cj-abandoned-connection-cleanup] but has failed to stop it. This is very likely to create a memory leak. Stack trace of thread:
 java.lang.Object.wait(Native Method)
 java.lang.ref.ReferenceQueue.remove(ReferenceQueue.java:143)
 com.mysql.cj.jdbc.AbandonedConnectionCleanupThread.run(AbandonedConnectionCleanupThread.java:91)
 java.util.concurrent.ThreadPoolExecutor.runWorker(ThreadPoolExecutor.java:1142)
 java.util.concurrent.ThreadPoolExecutor$Worker.run(ThreadPoolExecutor.java:617)
 java.lang.Thread.run(Thread.java:745)
20-Feb-2025 13:36:36.622 INFO [main] org.apache.coyote.AbstractProtocol.stop Stopping ProtocolHandler ["http-nio-8080"]
20-Feb-2025 13:36:36.640 INFO [main] org.apache.coyote.AbstractProtocol.destroy Destroying ProtocolHandler ["http-nio-8080"]
