08-Feb-2025 09:55:03.581 INFO [main] org.apache.catalina.startup.VersionLoggerListener.log Server version name:   Apache Tomcat/9.0.98
08-Feb-2025 09:55:03.701 INFO [main] org.apache.catalina.startup.VersionLoggerListener.log Server built:          Dec 5 2024 19:50:29 UTC
08-Feb-2025 09:55:03.717 INFO [main] org.apache.catalina.startup.VersionLoggerListener.log Server version number: 9.0.98.0
08-Feb-2025 09:55:03.718 INFO [main] org.apache.catalina.startup.VersionLoggerListener.log OS Name:               Linux
08-Feb-2025 09:55:03.718 INFO [main] org.apache.catalina.startup.VersionLoggerListener.log OS Version:            5.4.0-205-generic
08-Feb-2025 09:55:03.718 INFO [main] org.apache.catalina.startup.VersionLoggerListener.log Architecture:          amd64
08-Feb-2025 09:55:03.719 INFO [main] org.apache.catalina.startup.VersionLoggerListener.log Java Home:             /usr/local/jdk1.8.0_112/jre
08-Feb-2025 09:55:03.719 INFO [main] org.apache.catalina.startup.VersionLoggerListener.log JVM Version:           1.8.0_112-b15
08-Feb-2025 09:55:03.719 INFO [main] org.apache.catalina.startup.VersionLoggerListener.log JVM Vendor:            Oracle Corporation
08-Feb-2025 09:55:03.720 INFO [main] org.apache.catalina.startup.VersionLoggerListener.log CATALINA_BASE:         /home/delca/Downloads/apache-tomcat-9.0.98
08-Feb-2025 09:55:03.720 INFO [main] org.apache.catalina.startup.VersionLoggerListener.log CATALINA_HOME:         /home/delca/Downloads/apache-tomcat-9.0.98
08-Feb-2025 09:55:03.726 INFO [main] org.apache.catalina.startup.VersionLoggerListener.log Command line argument: -Djava.util.logging.config.file=/home/delca/Downloads/apache-tomcat-9.0.98/conf/logging.properties
08-Feb-2025 09:55:03.728 INFO [main] org.apache.catalina.startup.VersionLoggerListener.log Command line argument: -Djava.util.logging.manager=org.apache.juli.ClassLoaderLogManager
08-Feb-2025 09:55:03.729 INFO [main] org.apache.catalina.startup.VersionLoggerListener.log Command line argument: -Djdk.tls.ephemeralDHKeySize=2048
08-Feb-2025 09:55:03.729 INFO [main] org.apache.catalina.startup.VersionLoggerListener.log Command line argument: -Djava.protocol.handler.pkgs=org.apache.catalina.webresources
08-Feb-2025 09:55:03.729 INFO [main] org.apache.catalina.startup.VersionLoggerListener.log Command line argument: -Dorg.apache.catalina.security.SecurityListener.UMASK=0027
08-Feb-2025 09:55:03.730 INFO [main] org.apache.catalina.startup.VersionLoggerListener.log Command line argument: -Dignore.endorsed.dirs=
08-Feb-2025 09:55:03.730 INFO [main] org.apache.catalina.startup.VersionLoggerListener.log Command line argument: -Dcatalina.base=/home/delca/Downloads/apache-tomcat-9.0.98
08-Feb-2025 09:55:03.730 INFO [main] org.apache.catalina.startup.VersionLoggerListener.log Command line argument: -Dcatalina.home=/home/delca/Downloads/apache-tomcat-9.0.98
08-Feb-2025 09:55:03.731 INFO [main] org.apache.catalina.startup.VersionLoggerListener.log Command line argument: -Djava.io.tmpdir=/home/delca/Downloads/apache-tomcat-9.0.98/temp
08-Feb-2025 09:55:03.735 INFO [main] org.apache.catalina.core.AprLifecycleListener.lifecycleEvent The Apache Tomcat Native library which allows using OpenSSL was not found on the java.library.path: [/home/db2inst1/sqllib/lib64:/home/db2inst1/sqllib/lib64/gskit:/home/db2inst1/sqllib/lib32:/usr/java/packages/lib/amd64:/usr/lib64:/lib64:/lib:/usr/lib]
08-Feb-2025 09:55:05.926 INFO [main] org.apache.coyote.AbstractProtocol.init Initializing ProtocolHandler ["http-nio-8080"]
08-Feb-2025 09:55:06.094 INFO [main] org.apache.catalina.startup.Catalina.load Server initialization in [3667] milliseconds
08-Feb-2025 09:55:06.228 INFO [main] org.apache.catalina.core.StandardService.startInternal Starting service [Catalina]
08-Feb-2025 09:55:06.229 INFO [main] org.apache.catalina.core.StandardEngine.startInternal Starting Servlet engine: [Apache Tomcat/9.0.98]
08-Feb-2025 09:55:06.311 INFO [main] org.apache.catalina.startup.HostConfig.deployDirectory Deploying web application directory [/home/delca/Downloads/apache-tomcat-9.0.98/webapps/mlogika_spring-0.0.1-SNAPSHOT]
08-Feb-2025 09:55:18.818 INFO [main] org.apache.jasper.servlet.TldScanner.scanJars At least one JAR was scanned for TLDs yet contained no TLDs. Enable debug logging for this logger for a complete list of JARs that were scanned but no TLDs were found in them. Skipping unneeded JARs during scanning can improve startup time and JSP compilation time.
08-Feb-2025 09:55:19.629 INFO [main] org.apache.catalina.startup.HostConfig.deployDirectory Deployment of web application directory [/home/delca/Downloads/apache-tomcat-9.0.98/webapps/mlogika_spring-0.0.1-SNAPSHOT] has finished in [13,311] ms
08-Feb-2025 09:55:19.630 INFO [main] org.apache.catalina.startup.HostConfig.deployDirectory Deploying web application directory [/home/delca/Downloads/apache-tomcat-9.0.98/webapps/host-manager]
08-Feb-2025 09:55:19.870 INFO [main] org.apache.catalina.startup.HostConfig.deployDirectory Deployment of web application directory [/home/delca/Downloads/apache-tomcat-9.0.98/webapps/host-manager] has finished in [239] ms
08-Feb-2025 09:55:19.870 INFO [main] org.apache.catalina.startup.HostConfig.deployDirectory Deploying web application directory [/home/delca/Downloads/apache-tomcat-9.0.98/webapps/ROOT]
08-Feb-2025 09:55:19.988 INFO [main] org.apache.catalina.startup.HostConfig.deployDirectory Deployment of web application directory [/home/delca/Downloads/apache-tomcat-9.0.98/webapps/ROOT] has finished in [106] ms
08-Feb-2025 09:55:19.989 INFO [main] org.apache.catalina.startup.HostConfig.deployDirectory Deploying web application directory [/home/delca/Downloads/apache-tomcat-9.0.98/webapps/manager]
08-Feb-2025 09:55:20.105 INFO [main] org.apache.catalina.startup.HostConfig.deployDirectory Deployment of web application directory [/home/delca/Downloads/apache-tomcat-9.0.98/webapps/manager] has finished in [116] ms
08-Feb-2025 09:55:20.106 INFO [main] org.apache.catalina.startup.HostConfig.deployDirectory Deploying web application directory [/home/delca/Downloads/apache-tomcat-9.0.98/webapps/examples]
08-Feb-2025 09:55:21.103 INFO [main] org.apache.catalina.startup.HostConfig.deployDirectory Deployment of web application directory [/home/delca/Downloads/apache-tomcat-9.0.98/webapps/examples] has finished in [996] ms
08-Feb-2025 09:55:21.104 INFO [main] org.apache.catalina.startup.HostConfig.deployDirectory Deploying web application directory [/home/delca/Downloads/apache-tomcat-9.0.98/webapps/docs]
08-Feb-2025 09:55:21.239 INFO [main] org.apache.catalina.startup.HostConfig.deployDirectory Deployment of web application directory [/home/delca/Downloads/apache-tomcat-9.0.98/webapps/docs] has finished in [134] ms
08-Feb-2025 09:55:21.286 INFO [main] org.apache.coyote.AbstractProtocol.start Starting ProtocolHandler ["http-nio-8080"]
08-Feb-2025 09:55:21.438 INFO [main] org.apache.catalina.startup.Catalina.start Server startup in [15343] milliseconds
08-Feb-2025 10:01:11.460 INFO [Catalina-utility-2] org.apache.catalina.users.MemoryUserDatabase.backgroundProcess Reloading memory user database [UserDatabase] from updated source [file:/home/delca/Downloads/apache-tomcat-9.0.98/conf/tomcat-users.xml]
08-Feb-2025 10:01:40.660 INFO [main] org.apache.catalina.core.StandardServer.await A valid shutdown command was received via the shutdown port. Stopping the Server instance.
08-Feb-2025 10:01:40.661 INFO [main] org.apache.coyote.AbstractProtocol.pause Pausing ProtocolHandler ["http-nio-8080"]
08-Feb-2025 10:01:40.677 INFO [main] org.apache.catalina.core.StandardService.stopInternal Stopping service [Catalina]
08-Feb-2025 10:01:40.768 INFO [main] org.apache.coyote.AbstractProtocol.stop Stopping ProtocolHandler ["http-nio-8080"]
08-Feb-2025 10:01:40.798 INFO [main] org.apache.coyote.AbstractProtocol.destroy Destroying ProtocolHandler ["http-nio-8080"]
08-Feb-2025 10:01:46.923 INFO [main] org.apache.catalina.startup.VersionLoggerListener.log Server version name:   Apache Tomcat/9.0.98
08-Feb-2025 10:01:46.926 INFO [main] org.apache.catalina.startup.VersionLoggerListener.log Server built:          Dec 5 2024 19:50:29 UTC
08-Feb-2025 10:01:46.927 INFO [main] org.apache.catalina.startup.VersionLoggerListener.log Server version number: 9.0.98.0
08-Feb-2025 10:01:46.928 INFO [main] org.apache.catalina.startup.VersionLoggerListener.log OS Name:               Linux
08-Feb-2025 10:01:46.928 INFO [main] org.apache.catalina.startup.VersionLoggerListener.log OS Version:            5.4.0-205-generic
08-Feb-2025 10:01:46.928 INFO [main] org.apache.catalina.startup.VersionLoggerListener.log Architecture:          amd64
08-Feb-2025 10:01:46.929 INFO [main] org.apache.catalina.startup.VersionLoggerListener.log Java Home:             /usr/local/jdk1.8.0_112/jre
08-Feb-2025 10:01:46.929 INFO [main] org.apache.catalina.startup.VersionLoggerListener.log JVM Version:           1.8.0_112-b15
08-Feb-2025 10:01:46.929 INFO [main] org.apache.catalina.startup.VersionLoggerListener.log JVM Vendor:            Oracle Corporation
08-Feb-2025 10:01:46.929 INFO [main] org.apache.catalina.startup.VersionLoggerListener.log CATALINA_BASE:         /home/delca/Downloads/apache-tomcat-9.0.98
08-Feb-2025 10:01:46.929 INFO [main] org.apache.catalina.startup.VersionLoggerListener.log CATALINA_HOME:         /home/delca/Downloads/apache-tomcat-9.0.98
08-Feb-2025 10:01:46.931 INFO [main] org.apache.catalina.startup.VersionLoggerListener.log Command line argument: -Djava.util.logging.config.file=/home/delca/Downloads/apache-tomcat-9.0.98/conf/logging.properties
08-Feb-2025 10:01:46.931 INFO [main] org.apache.catalina.startup.VersionLoggerListener.log Command line argument: -Djava.util.logging.manager=org.apache.juli.ClassLoaderLogManager
08-Feb-2025 10:01:46.931 INFO [main] org.apache.catalina.startup.VersionLoggerListener.log Command line argument: -Djdk.tls.ephemeralDHKeySize=2048
08-Feb-2025 10:01:46.931 INFO [main] org.apache.catalina.startup.VersionLoggerListener.log Command line argument: -Djava.protocol.handler.pkgs=org.apache.catalina.webresources
08-Feb-2025 10:01:46.931 INFO [main] org.apache.catalina.startup.VersionLoggerListener.log Command line argument: -Dorg.apache.catalina.security.SecurityListener.UMASK=0027
08-Feb-2025 10:01:46.932 INFO [main] org.apache.catalina.startup.VersionLoggerListener.log Command line argument: -Dignore.endorsed.dirs=
08-Feb-2025 10:01:46.932 INFO [main] org.apache.catalina.startup.VersionLoggerListener.log Command line argument: -Dcatalina.base=/home/delca/Downloads/apache-tomcat-9.0.98
08-Feb-2025 10:01:46.932 INFO [main] org.apache.catalina.startup.VersionLoggerListener.log Command line argument: -Dcatalina.home=/home/delca/Downloads/apache-tomcat-9.0.98
08-Feb-2025 10:01:46.932 INFO [main] org.apache.catalina.startup.VersionLoggerListener.log Command line argument: -Djava.io.tmpdir=/home/delca/Downloads/apache-tomcat-9.0.98/temp
08-Feb-2025 10:01:46.936 INFO [main] org.apache.catalina.core.AprLifecycleListener.lifecycleEvent The Apache Tomcat Native library which allows using OpenSSL was not found on the java.library.path: [/home/db2inst1/sqllib/lib64:/home/db2inst1/sqllib/lib64/gskit:/home/db2inst1/sqllib/lib32:/usr/java/packages/lib/amd64:/usr/lib64:/lib64:/lib:/usr/lib]
08-Feb-2025 10:01:48.174 INFO [main] org.apache.coyote.AbstractProtocol.init Initializing ProtocolHandler ["http-nio-8080"]
08-Feb-2025 10:01:48.284 INFO [main] org.apache.catalina.startup.Catalina.load Server initialization in [1833] milliseconds
08-Feb-2025 10:01:48.445 INFO [main] org.apache.catalina.core.StandardService.startInternal Starting service [Catalina]
08-Feb-2025 10:01:48.446 INFO [main] org.apache.catalina.core.StandardEngine.startInternal Starting Servlet engine: [Apache Tomcat/9.0.98]
08-Feb-2025 10:01:48.532 INFO [main] org.apache.catalina.startup.HostConfig.deployDirectory Deploying web application directory [/home/delca/Downloads/apache-tomcat-9.0.98/webapps/mlogika_spring-0.0.1-SNAPSHOT]
08-Feb-2025 10:01:57.232 INFO [main] org.apache.jasper.servlet.TldScanner.scanJars At least one JAR was scanned for TLDs yet contained no TLDs. Enable debug logging for this logger for a complete list of JARs that were scanned but no TLDs were found in them. Skipping unneeded JARs during scanning can improve startup time and JSP compilation time.
08-Feb-2025 10:01:57.828 INFO [main] org.apache.catalina.startup.HostConfig.deployDirectory Deployment of web application directory [/home/delca/Downloads/apache-tomcat-9.0.98/webapps/mlogika_spring-0.0.1-SNAPSHOT] has finished in [9,293] ms
08-Feb-2025 10:01:57.829 INFO [main] org.apache.catalina.startup.HostConfig.deployDirectory Deploying web application directory [/home/delca/Downloads/apache-tomcat-9.0.98/webapps/host-manager]
08-Feb-2025 10:01:58.000 INFO [main] org.apache.catalina.startup.HostConfig.deployDirectory Deployment of web application directory [/home/delca/Downloads/apache-tomcat-9.0.98/webapps/host-manager] has finished in [171] ms
08-Feb-2025 10:01:58.001 INFO [main] org.apache.catalina.startup.HostConfig.deployDirectory Deploying web application directory [/home/delca/Downloads/apache-tomcat-9.0.98/webapps/ROOT]
08-Feb-2025 10:01:58.103 INFO [main] org.apache.catalina.startup.HostConfig.deployDirectory Deployment of web application directory [/home/delca/Downloads/apache-tomcat-9.0.98/webapps/ROOT] has finished in [102] ms
08-Feb-2025 10:01:58.109 INFO [main] org.apache.catalina.startup.HostConfig.deployDirectory Deploying web application directory [/home/delca/Downloads/apache-tomcat-9.0.98/webapps/manager]
08-Feb-2025 10:01:58.238 INFO [main] org.apache.catalina.startup.HostConfig.deployDirectory Deployment of web application directory [/home/delca/Downloads/apache-tomcat-9.0.98/webapps/manager] has finished in [129] ms
08-Feb-2025 10:01:58.242 INFO [main] org.apache.catalina.startup.HostConfig.deployDirectory Deploying web application directory [/home/delca/Downloads/apache-tomcat-9.0.98/webapps/examples]
08-Feb-2025 10:01:59.485 INFO [main] org.apache.catalina.startup.HostConfig.deployDirectory Deployment of web application directory [/home/delca/Downloads/apache-tomcat-9.0.98/webapps/examples] has finished in [1,243] ms
08-Feb-2025 10:01:59.502 INFO [main] org.apache.catalina.startup.HostConfig.deployDirectory Deploying web application directory [/home/delca/Downloads/apache-tomcat-9.0.98/webapps/docs]
08-Feb-2025 10:01:59.649 INFO [main] org.apache.catalina.startup.HostConfig.deployDirectory Deployment of web application directory [/home/delca/Downloads/apache-tomcat-9.0.98/webapps/docs] has finished in [146] ms
08-Feb-2025 10:01:59.700 INFO [main] org.apache.coyote.AbstractProtocol.start Starting ProtocolHandler ["http-nio-8080"]
08-Feb-2025 10:01:59.967 INFO [main] org.apache.catalina.startup.Catalina.start Server startup in [11682] milliseconds
08-Feb-2025 10:56:33.652 INFO [Catalina-utility-2] org.apache.catalina.startup.HostConfig.undeploy Undeploying context [/mlogika_spring-0.0.1-SNAPSHOT]
08-Feb-2025 10:58:44.207 INFO [Catalina-utility-2] org.apache.catalina.startup.HostConfig.deployWAR Deploying web application archive [/home/delca/Downloads/apache-tomcat-9.0.98/webapps/mlogika_spring-0.0.1-SNAPSHOT.war]
08-Feb-2025 10:58:52.818 INFO [Catalina-utility-2] org.apache.jasper.servlet.TldScanner.scanJars At least one JAR was scanned for TLDs yet contained no TLDs. Enable debug logging for this logger for a complete list of JARs that were scanned but no TLDs were found in them. Skipping unneeded JARs during scanning can improve startup time and JSP compilation time.
08-Feb-2025 10:58:52.941 INFO [Catalina-utility-2] org.apache.catalina.startup.HostConfig.deployWAR Deployment of web application archive [/home/delca/Downloads/apache-tomcat-9.0.98/webapps/mlogika_spring-0.0.1-SNAPSHOT.war] has finished in [8,735] ms
08-Feb-2025 11:00:39.679 INFO [main] org.apache.catalina.core.StandardServer.await A valid shutdown command was received via the shutdown port. Stopping the Server instance.
08-Feb-2025 11:00:39.700 INFO [main] org.apache.coyote.AbstractProtocol.pause Pausing ProtocolHandler ["http-nio-8080"]
08-Feb-2025 11:00:39.709 INFO [main] org.apache.catalina.core.StandardService.stopInternal Stopping service [Catalina]
08-Feb-2025 11:00:39.901 INFO [main] org.apache.coyote.AbstractProtocol.stop Stopping ProtocolHandler ["http-nio-8080"]
08-Feb-2025 11:00:39.935 INFO [main] org.apache.coyote.AbstractProtocol.destroy Destroying ProtocolHandler ["http-nio-8080"]
08-Feb-2025 11:01:06.180 INFO [main] org.apache.catalina.startup.VersionLoggerListener.log Server version name:   Apache Tomcat/9.0.98
08-Feb-2025 11:01:06.271 INFO [main] org.apache.catalina.startup.VersionLoggerListener.log Server built:          Dec 5 2024 19:50:29 UTC
08-Feb-2025 11:01:06.284 INFO [main] org.apache.catalina.startup.VersionLoggerListener.log Server version number: 9.0.98.0
08-Feb-2025 11:01:06.284 INFO [main] org.apache.catalina.startup.VersionLoggerListener.log OS Name:               Linux
08-Feb-2025 11:01:06.285 INFO [main] org.apache.catalina.startup.VersionLoggerListener.log OS Version:            5.4.0-205-generic
08-Feb-2025 11:01:06.285 INFO [main] org.apache.catalina.startup.VersionLoggerListener.log Architecture:          amd64
08-Feb-2025 11:01:06.285 INFO [main] org.apache.catalina.startup.VersionLoggerListener.log Java Home:             /usr/local/jdk1.8.0_112/jre
08-Feb-2025 11:01:06.286 INFO [main] org.apache.catalina.startup.VersionLoggerListener.log JVM Version:           1.8.0_112-b15
08-Feb-2025 11:01:06.286 INFO [main] org.apache.catalina.startup.VersionLoggerListener.log JVM Vendor:            Oracle Corporation
08-Feb-2025 11:01:06.286 INFO [main] org.apache.catalina.startup.VersionLoggerListener.log CATALINA_BASE:         /home/delca/Downloads/apache-tomcat-9.0.98
08-Feb-2025 11:01:06.286 INFO [main] org.apache.catalina.startup.VersionLoggerListener.log CATALINA_HOME:         /home/delca/Downloads/apache-tomcat-9.0.98
08-Feb-2025 11:01:06.314 INFO [main] org.apache.catalina.startup.VersionLoggerListener.log Command line argument: -Djava.util.logging.config.file=/home/delca/Downloads/apache-tomcat-9.0.98/conf/logging.properties
08-Feb-2025 11:01:06.315 INFO [main] org.apache.catalina.startup.VersionLoggerListener.log Command line argument: -Djava.util.logging.manager=org.apache.juli.ClassLoaderLogManager
08-Feb-2025 11:01:06.315 INFO [main] org.apache.catalina.startup.VersionLoggerListener.log Command line argument: -Djdk.tls.ephemeralDHKeySize=2048
08-Feb-2025 11:01:06.315 INFO [main] org.apache.catalina.startup.VersionLoggerListener.log Command line argument: -Djava.protocol.handler.pkgs=org.apache.catalina.webresources
08-Feb-2025 11:01:06.315 INFO [main] org.apache.catalina.startup.VersionLoggerListener.log Command line argument: -Dorg.apache.catalina.security.SecurityListener.UMASK=0027
08-Feb-2025 11:01:06.316 INFO [main] org.apache.catalina.startup.VersionLoggerListener.log Command line argument: -Dignore.endorsed.dirs=
08-Feb-2025 11:01:06.316 INFO [main] org.apache.catalina.startup.VersionLoggerListener.log Command line argument: -Dcatalina.base=/home/delca/Downloads/apache-tomcat-9.0.98
08-Feb-2025 11:01:06.316 INFO [main] org.apache.catalina.startup.VersionLoggerListener.log Command line argument: -Dcatalina.home=/home/delca/Downloads/apache-tomcat-9.0.98
08-Feb-2025 11:01:06.316 INFO [main] org.apache.catalina.startup.VersionLoggerListener.log Command line argument: -Djava.io.tmpdir=/home/delca/Downloads/apache-tomcat-9.0.98/temp
08-Feb-2025 11:01:06.325 INFO [main] org.apache.catalina.core.AprLifecycleListener.lifecycleEvent The Apache Tomcat Native library which allows using OpenSSL was not found on the java.library.path: [/home/db2inst1/sqllib/lib64:/home/db2inst1/sqllib/lib64/gskit:/home/db2inst1/sqllib/lib32:/usr/java/packages/lib/amd64:/usr/lib64:/lib64:/lib:/usr/lib]
08-Feb-2025 11:01:08.215 INFO [main] org.apache.coyote.AbstractProtocol.init Initializing ProtocolHandler ["http-nio-8080"]
08-Feb-2025 11:01:08.319 INFO [main] org.apache.catalina.startup.Catalina.load Server initialization in [3185] milliseconds
08-Feb-2025 11:01:08.550 INFO [main] org.apache.catalina.core.StandardService.startInternal Starting service [Catalina]
08-Feb-2025 11:01:08.550 INFO [main] org.apache.catalina.core.StandardEngine.startInternal Starting Servlet engine: [Apache Tomcat/9.0.98]
08-Feb-2025 11:01:08.607 INFO [main] org.apache.catalina.startup.HostConfig.deployWAR Deploying web application archive [/home/delca/Downloads/apache-tomcat-9.0.98/webapps/mlogika_spring-0.0.1-SNAPSHOT.war]
08-Feb-2025 11:01:20.962 INFO [main] org.apache.jasper.servlet.TldScanner.scanJars At least one JAR was scanned for TLDs yet contained no TLDs. Enable debug logging for this logger for a complete list of JARs that were scanned but no TLDs were found in them. Skipping unneeded JARs during scanning can improve startup time and JSP compilation time.
08-Feb-2025 11:01:21.422 INFO [main] org.apache.catalina.startup.HostConfig.deployWAR Deployment of web application archive [/home/delca/Downloads/apache-tomcat-9.0.98/webapps/mlogika_spring-0.0.1-SNAPSHOT.war] has finished in [12,813] ms
08-Feb-2025 11:01:21.423 INFO [main] org.apache.catalina.startup.HostConfig.deployDirectory Deploying web application directory [/home/delca/Downloads/apache-tomcat-9.0.98/webapps/host-manager]
08-Feb-2025 11:01:21.654 INFO [main] org.apache.catalina.startup.HostConfig.deployDirectory Deployment of web application directory [/home/delca/Downloads/apache-tomcat-9.0.98/webapps/host-manager] has finished in [230] ms
08-Feb-2025 11:01:21.656 INFO [main] org.apache.catalina.startup.HostConfig.deployDirectory Deploying web application directory [/home/delca/Downloads/apache-tomcat-9.0.98/webapps/ROOT]
08-Feb-2025 11:01:21.777 INFO [main] org.apache.catalina.startup.HostConfig.deployDirectory Deployment of web application directory [/home/delca/Downloads/apache-tomcat-9.0.98/webapps/ROOT] has finished in [121] ms
08-Feb-2025 11:01:21.777 INFO [main] org.apache.catalina.startup.HostConfig.deployDirectory Deploying web application directory [/home/delca/Downloads/apache-tomcat-9.0.98/webapps/manager]
08-Feb-2025 11:01:21.840 INFO [main] org.apache.catalina.startup.HostConfig.deployDirectory Deployment of web application directory [/home/delca/Downloads/apache-tomcat-9.0.98/webapps/manager] has finished in [63] ms
08-Feb-2025 11:01:21.841 INFO [main] org.apache.catalina.startup.HostConfig.deployDirectory Deploying web application directory [/home/delca/Downloads/apache-tomcat-9.0.98/webapps/examples]
08-Feb-2025 11:01:22.434 INFO [main] org.apache.catalina.startup.HostConfig.deployDirectory Deployment of web application directory [/home/delca/Downloads/apache-tomcat-9.0.98/webapps/examples] has finished in [593] ms
08-Feb-2025 11:01:22.435 INFO [main] org.apache.catalina.startup.HostConfig.deployDirectory Deploying web application directory [/home/delca/Downloads/apache-tomcat-9.0.98/webapps/docs]
08-Feb-2025 11:01:22.477 INFO [main] org.apache.catalina.startup.HostConfig.deployDirectory Deployment of web application directory [/home/delca/Downloads/apache-tomcat-9.0.98/webapps/docs] has finished in [41] ms
08-Feb-2025 11:01:22.484 INFO [main] org.apache.coyote.AbstractProtocol.start Starting ProtocolHandler ["http-nio-8080"]
08-Feb-2025 11:01:22.663 INFO [main] org.apache.catalina.startup.Catalina.start Server startup in [14343] milliseconds
08-Feb-2025 11:13:53.028 INFO [main] org.apache.catalina.core.StandardServer.await A valid shutdown command was received via the shutdown port. Stopping the Server instance.
08-Feb-2025 11:13:53.085 INFO [main] org.apache.coyote.AbstractProtocol.pause Pausing ProtocolHandler ["http-nio-8080"]
08-Feb-2025 11:13:53.098 INFO [main] org.apache.catalina.core.StandardService.stopInternal Stopping service [Catalina]
08-Feb-2025 11:13:53.963 INFO [main] org.apache.coyote.AbstractProtocol.stop Stopping ProtocolHandler ["http-nio-8080"]
08-Feb-2025 11:13:54.019 INFO [main] org.apache.coyote.AbstractProtocol.destroy Destroying ProtocolHandler ["http-nio-8080"]
08-Feb-2025 11:14:02.529 INFO [main] org.apache.catalina.startup.VersionLoggerListener.log Server version name:   Apache Tomcat/9.0.98
08-Feb-2025 11:14:02.587 INFO [main] org.apache.catalina.startup.VersionLoggerListener.log Server built:          Dec 5 2024 19:50:29 UTC
08-Feb-2025 11:14:02.588 INFO [main] org.apache.catalina.startup.VersionLoggerListener.log Server version number: 9.0.98.0
08-Feb-2025 11:14:02.588 INFO [main] org.apache.catalina.startup.VersionLoggerListener.log OS Name:               Linux
08-Feb-2025 11:14:02.588 INFO [main] org.apache.catalina.startup.VersionLoggerListener.log OS Version:            5.4.0-205-generic
08-Feb-2025 11:14:02.589 INFO [main] org.apache.catalina.startup.VersionLoggerListener.log Architecture:          amd64
08-Feb-2025 11:14:02.589 INFO [main] org.apache.catalina.startup.VersionLoggerListener.log Java Home:             /usr/local/jdk1.8.0_112/jre
08-Feb-2025 11:14:02.589 INFO [main] org.apache.catalina.startup.VersionLoggerListener.log JVM Version:           1.8.0_112-b15
08-Feb-2025 11:14:02.590 INFO [main] org.apache.catalina.startup.VersionLoggerListener.log JVM Vendor:            Oracle Corporation
08-Feb-2025 11:14:02.590 INFO [main] org.apache.catalina.startup.VersionLoggerListener.log CATALINA_BASE:         /home/delca/Downloads/apache-tomcat-9.0.98
08-Feb-2025 11:14:02.590 INFO [main] org.apache.catalina.startup.VersionLoggerListener.log CATALINA_HOME:         /home/delca/Downloads/apache-tomcat-9.0.98
08-Feb-2025 11:14:02.632 INFO [main] org.apache.catalina.startup.VersionLoggerListener.log Command line argument: -Djava.util.logging.config.file=/home/delca/Downloads/apache-tomcat-9.0.98/conf/logging.properties
08-Feb-2025 11:14:02.633 INFO [main] org.apache.catalina.startup.VersionLoggerListener.log Command line argument: -Djava.util.logging.manager=org.apache.juli.ClassLoaderLogManager
08-Feb-2025 11:14:02.634 INFO [main] org.apache.catalina.startup.VersionLoggerListener.log Command line argument: -Djdk.tls.ephemeralDHKeySize=2048
08-Feb-2025 11:14:02.634 INFO [main] org.apache.catalina.startup.VersionLoggerListener.log Command line argument: -Djava.protocol.handler.pkgs=org.apache.catalina.webresources
08-Feb-2025 11:14:02.635 INFO [main] org.apache.catalina.startup.VersionLoggerListener.log Command line argument: -Dorg.apache.catalina.security.SecurityListener.UMASK=0027
08-Feb-2025 11:14:02.635 INFO [main] org.apache.catalina.startup.VersionLoggerListener.log Command line argument: -Dignore.endorsed.dirs=
08-Feb-2025 11:14:02.635 INFO [main] org.apache.catalina.startup.VersionLoggerListener.log Command line argument: -Dcatalina.base=/home/delca/Downloads/apache-tomcat-9.0.98
08-Feb-2025 11:14:02.636 INFO [main] org.apache.catalina.startup.VersionLoggerListener.log Command line argument: -Dcatalina.home=/home/delca/Downloads/apache-tomcat-9.0.98
08-Feb-2025 11:14:02.636 INFO [main] org.apache.catalina.startup.VersionLoggerListener.log Command line argument: -Djava.io.tmpdir=/home/delca/Downloads/apache-tomcat-9.0.98/temp
08-Feb-2025 11:14:02.666 INFO [main] org.apache.catalina.core.AprLifecycleListener.lifecycleEvent The Apache Tomcat Native library which allows using OpenSSL was not found on the java.library.path: [/home/db2inst1/sqllib/lib64:/home/db2inst1/sqllib/lib64/gskit:/home/db2inst1/sqllib/lib32:/usr/java/packages/lib/amd64:/usr/lib64:/lib64:/lib:/usr/lib]
08-Feb-2025 11:14:04.533 INFO [main] org.apache.coyote.AbstractProtocol.init Initializing ProtocolHandler ["http-nio-8080"]
08-Feb-2025 11:14:04.711 INFO [main] org.apache.catalina.startup.Catalina.load Server initialization in [2836] milliseconds
08-Feb-2025 11:14:04.886 INFO [main] org.apache.catalina.core.StandardService.startInternal Starting service [Catalina]
08-Feb-2025 11:14:04.887 INFO [main] org.apache.catalina.core.StandardEngine.startInternal Starting Servlet engine: [Apache Tomcat/9.0.98]
08-Feb-2025 11:14:05.012 INFO [main] org.apache.catalina.startup.HostConfig.deployWAR Deploying web application archive [/home/delca/Downloads/apache-tomcat-9.0.98/webapps/mlogika_spring-0.0.1-SNAPSHOT.war]
08-Feb-2025 11:14:24.104 INFO [main] org.apache.jasper.servlet.TldScanner.scanJars At least one JAR was scanned for TLDs yet contained no TLDs. Enable debug logging for this logger for a complete list of JARs that were scanned but no TLDs were found in them. Skipping unneeded JARs during scanning can improve startup time and JSP compilation time.
08-Feb-2025 11:14:24.557 INFO [main] org.apache.catalina.startup.HostConfig.deployWAR Deployment of web application archive [/home/delca/Downloads/apache-tomcat-9.0.98/webapps/mlogika_spring-0.0.1-SNAPSHOT.war] has finished in [19,544] ms
08-Feb-2025 11:14:24.559 INFO [main] org.apache.catalina.startup.HostConfig.deployDirectory Deploying web application directory [/home/delca/Downloads/apache-tomcat-9.0.98/webapps/host-manager]
08-Feb-2025 11:14:24.664 INFO [main] org.apache.catalina.startup.HostConfig.deployDirectory Deployment of web application directory [/home/delca/Downloads/apache-tomcat-9.0.98/webapps/host-manager] has finished in [105] ms
08-Feb-2025 11:14:24.665 INFO [main] org.apache.catalina.startup.HostConfig.deployDirectory Deploying web application directory [/home/delca/Downloads/apache-tomcat-9.0.98/webapps/ROOT]
08-Feb-2025 11:14:24.740 INFO [main] org.apache.catalina.startup.HostConfig.deployDirectory Deployment of web application directory [/home/delca/Downloads/apache-tomcat-9.0.98/webapps/ROOT] has finished in [75] ms
08-Feb-2025 11:14:24.740 INFO [main] org.apache.catalina.startup.HostConfig.deployDirectory Deploying web application directory [/home/delca/Downloads/apache-tomcat-9.0.98/webapps/manager]
08-Feb-2025 11:14:24.805 INFO [main] org.apache.catalina.startup.HostConfig.deployDirectory Deployment of web application directory [/home/delca/Downloads/apache-tomcat-9.0.98/webapps/manager] has finished in [65] ms
08-Feb-2025 11:14:24.806 INFO [main] org.apache.catalina.startup.HostConfig.deployDirectory Deploying web application directory [/home/delca/Downloads/apache-tomcat-9.0.98/webapps/examples]
08-Feb-2025 11:14:25.424 INFO [main] org.apache.catalina.startup.HostConfig.deployDirectory Deployment of web application directory [/home/delca/Downloads/apache-tomcat-9.0.98/webapps/examples] has finished in [618] ms
08-Feb-2025 11:14:25.425 INFO [main] org.apache.catalina.startup.HostConfig.deployDirectory Deploying web application directory [/home/delca/Downloads/apache-tomcat-9.0.98/webapps/docs]
08-Feb-2025 11:14:25.490 INFO [main] org.apache.catalina.startup.HostConfig.deployDirectory Deployment of web application directory [/home/delca/Downloads/apache-tomcat-9.0.98/webapps/docs] has finished in [64] ms
08-Feb-2025 11:14:25.507 INFO [main] org.apache.coyote.AbstractProtocol.start Starting ProtocolHandler ["http-nio-8080"]
08-Feb-2025 11:14:25.604 INFO [main] org.apache.catalina.startup.Catalina.start Server startup in [20892] milliseconds
08-Feb-2025 11:45:23.769 INFO [main] org.apache.catalina.core.StandardServer.await A valid shutdown command was received via the shutdown port. Stopping the Server instance.
08-Feb-2025 11:45:24.238 INFO [main] org.apache.coyote.AbstractProtocol.pause Pausing ProtocolHandler ["http-nio-8080"]
08-Feb-2025 11:45:24.998 INFO [main] org.apache.catalina.core.StandardService.stopInternal Stopping service [Catalina]
08-Feb-2025 11:45:31.241 INFO [main] org.apache.catalina.startup.VersionLoggerListener.log Server version name:   Apache Tomcat/9.0.98
08-Feb-2025 11:45:31.353 INFO [main] org.apache.catalina.startup.VersionLoggerListener.log Server built:          Dec 5 2024 19:50:29 UTC
08-Feb-2025 11:45:31.411 INFO [main] org.apache.catalina.startup.VersionLoggerListener.log Server version number: 9.0.98.0
08-Feb-2025 11:45:31.411 INFO [main] org.apache.catalina.startup.VersionLoggerListener.log OS Name:               Linux
08-Feb-2025 11:45:31.411 INFO [main] org.apache.catalina.startup.VersionLoggerListener.log OS Version:            5.4.0-205-generic
08-Feb-2025 11:45:31.411 INFO [main] org.apache.catalina.startup.VersionLoggerListener.log Architecture:          amd64
08-Feb-2025 11:45:31.412 INFO [main] org.apache.catalina.startup.VersionLoggerListener.log Java Home:             /usr/local/jdk1.8.0_112/jre
08-Feb-2025 11:45:31.412 INFO [main] org.apache.catalina.startup.VersionLoggerListener.log JVM Version:           1.8.0_112-b15
08-Feb-2025 11:45:31.412 INFO [main] org.apache.catalina.startup.VersionLoggerListener.log JVM Vendor:            Oracle Corporation
08-Feb-2025 11:45:31.412 INFO [main] org.apache.catalina.startup.VersionLoggerListener.log CATALINA_BASE:         /home/delca/Downloads/apache-tomcat-9.0.98
08-Feb-2025 11:45:31.412 INFO [main] org.apache.catalina.startup.VersionLoggerListener.log CATALINA_HOME:         /home/delca/Downloads/apache-tomcat-9.0.98
08-Feb-2025 11:45:31.553 INFO [main] org.apache.catalina.startup.VersionLoggerListener.log Command line argument: -Djava.util.logging.config.file=/home/delca/Downloads/apache-tomcat-9.0.98/conf/logging.properties
08-Feb-2025 11:45:31.554 INFO [main] org.apache.catalina.startup.VersionLoggerListener.log Command line argument: -Djava.util.logging.manager=org.apache.juli.ClassLoaderLogManager
08-Feb-2025 11:45:31.554 INFO [main] org.apache.catalina.startup.VersionLoggerListener.log Command line argument: -Djdk.tls.ephemeralDHKeySize=2048
08-Feb-2025 11:45:31.555 INFO [main] org.apache.catalina.startup.VersionLoggerListener.log Command line argument: -Djava.protocol.handler.pkgs=org.apache.catalina.webresources
08-Feb-2025 11:45:31.556 INFO [main] org.apache.catalina.startup.VersionLoggerListener.log Command line argument: -Dorg.apache.catalina.security.SecurityListener.UMASK=0027
08-Feb-2025 11:45:31.556 INFO [main] org.apache.catalina.startup.VersionLoggerListener.log Command line argument: -Dignore.endorsed.dirs=
08-Feb-2025 11:45:31.557 INFO [main] org.apache.catalina.startup.VersionLoggerListener.log Command line argument: -Dcatalina.base=/home/delca/Downloads/apache-tomcat-9.0.98
08-Feb-2025 11:45:31.557 INFO [main] org.apache.catalina.startup.VersionLoggerListener.log Command line argument: -Dcatalina.home=/home/delca/Downloads/apache-tomcat-9.0.98
08-Feb-2025 11:45:31.558 INFO [main] org.apache.catalina.startup.VersionLoggerListener.log Command line argument: -Djava.io.tmpdir=/home/delca/Downloads/apache-tomcat-9.0.98/temp
08-Feb-2025 11:45:31.592 INFO [main] org.apache.catalina.core.AprLifecycleListener.lifecycleEvent The Apache Tomcat Native library which allows using OpenSSL was not found on the java.library.path: [/home/db2inst1/sqllib/lib64:/home/db2inst1/sqllib/lib64/gskit:/home/db2inst1/sqllib/lib32:/usr/java/packages/lib/amd64:/usr/lib64:/lib64:/lib:/usr/lib]
08-Feb-2025 11:45:35.585 INFO [main] org.apache.coyote.AbstractProtocol.init Initializing ProtocolHandler ["http-nio-8080"]
08-Feb-2025 11:45:35.744 SEVERE [main] org.apache.catalina.util.LifecycleBase.handleSubClassException Failed to initialize component [Connector["http-nio-8080"]]
	org.apache.catalina.LifecycleException: Protocol handler initialization failed
		at org.apache.catalina.connector.Connector.initInternal(Connector.java:1027)
		at org.apache.catalina.util.LifecycleBase.init(LifecycleBase.java:122)
		at org.apache.catalina.core.StandardService.initInternal(StandardService.java:525)
		at org.apache.catalina.util.LifecycleBase.init(LifecycleBase.java:122)
		at org.apache.catalina.core.StandardServer.initInternal(StandardServer.java:986)
		at org.apache.catalina.util.LifecycleBase.init(LifecycleBase.java:122)
		at org.apache.catalina.startup.Catalina.load(Catalina.java:690)
		at org.apache.catalina.startup.Catalina.load(Catalina.java:713)
		at sun.reflect.NativeMethodAccessorImpl.invoke0(Native Method)
		at sun.reflect.NativeMethodAccessorImpl.invoke(NativeMethodAccessorImpl.java:62)
		at sun.reflect.DelegatingMethodAccessorImpl.invoke(DelegatingMethodAccessorImpl.java:43)
		at java.lang.reflect.Method.invoke(Method.java:498)
		at org.apache.catalina.startup.Bootstrap.load(Bootstrap.java:302)
		at org.apache.catalina.startup.Bootstrap.main(Bootstrap.java:472)
	Caused by: java.net.BindException: Address already in use
		at sun.nio.ch.Net.bind0(Native Method)
		at sun.nio.ch.Net.bind(Net.java:433)
		at sun.nio.ch.Net.bind(Net.java:425)
		at sun.nio.ch.ServerSocketChannelImpl.bind(ServerSocketChannelImpl.java:223)
		at org.apache.tomcat.util.net.NioEndpoint.initServerSocket(NioEndpoint.java:268)
		at org.apache.tomcat.util.net.NioEndpoint.bind(NioEndpoint.java:223)
		at org.apache.tomcat.util.net.AbstractEndpoint.bindWithCleanup(AbstractEndpoint.java:1373)
		at org.apache.tomcat.util.net.AbstractEndpoint.init(AbstractEndpoint.java:1386)
		at org.apache.coyote.AbstractProtocol.init(AbstractProtocol.java:663)
		at org.apache.coyote.http11.AbstractHttp11Protocol.init(AbstractHttp11Protocol.java:80)
		at org.apache.catalina.connector.Connector.initInternal(Connector.java:1025)
		... 13 more
08-Feb-2025 11:45:36.177 INFO [main] org.apache.catalina.startup.Catalina.load Server initialization in [6755] milliseconds
08-Feb-2025 11:45:37.014 INFO [main] org.apache.catalina.core.StandardService.startInternal Starting service [Catalina]
08-Feb-2025 11:45:37.015 INFO [main] org.apache.catalina.core.StandardEngine.startInternal Starting Servlet engine: [Apache Tomcat/9.0.98]
08-Feb-2025 11:45:37.212 INFO [main] org.apache.catalina.startup.HostConfig.deployWAR Deploying web application archive [/home/delca/Downloads/apache-tomcat-9.0.98/webapps/mlogika_spring-0.0.1-SNAPSHOT.war]
08-Feb-2025 11:45:39.246 INFO [main] org.apache.coyote.AbstractProtocol.stop Stopping ProtocolHandler ["http-nio-8080"]
08-Feb-2025 11:45:39.893 WARNING [main] org.apache.tomcat.util.net.Acceptor.stopMillis The acceptor thread [http-nio-8080-Acceptor] did not stop cleanly
08-Feb-2025 11:45:40.770 INFO [main] org.apache.coyote.AbstractProtocol.destroy Destroying ProtocolHandler ["http-nio-8080"]
08-Feb-2025 11:45:54.035 INFO [main] org.apache.jasper.servlet.TldScanner.scanJars At least one JAR was scanned for TLDs yet contained no TLDs. Enable debug logging for this logger for a complete list of JARs that were scanned but no TLDs were found in them. Skipping unneeded JARs during scanning can improve startup time and JSP compilation time.
08-Feb-2025 11:45:54.401 INFO [main] org.apache.catalina.startup.HostConfig.deployWAR Deployment of web application archive [/home/delca/Downloads/apache-tomcat-9.0.98/webapps/mlogika_spring-0.0.1-SNAPSHOT.war] has finished in [17,188] ms
08-Feb-2025 11:45:54.402 INFO [main] org.apache.catalina.startup.HostConfig.deployDirectory Deploying web application directory [/home/delca/Downloads/apache-tomcat-9.0.98/webapps/host-manager]
08-Feb-2025 11:45:54.481 INFO [main] org.apache.catalina.startup.HostConfig.deployDirectory Deployment of web application directory [/home/delca/Downloads/apache-tomcat-9.0.98/webapps/host-manager] has finished in [79] ms
08-Feb-2025 11:45:54.481 INFO [main] org.apache.catalina.startup.HostConfig.deployDirectory Deploying web application directory [/home/delca/Downloads/apache-tomcat-9.0.98/webapps/ROOT]
08-Feb-2025 11:45:54.508 INFO [main] org.apache.catalina.startup.HostConfig.deployDirectory Deployment of web application directory [/home/delca/Downloads/apache-tomcat-9.0.98/webapps/ROOT] has finished in [26] ms
08-Feb-2025 11:45:54.508 INFO [main] org.apache.catalina.startup.HostConfig.deployDirectory Deploying web application directory [/home/delca/Downloads/apache-tomcat-9.0.98/webapps/manager]
08-Feb-2025 11:45:54.552 INFO [main] org.apache.catalina.startup.HostConfig.deployDirectory Deployment of web application directory [/home/delca/Downloads/apache-tomcat-9.0.98/webapps/manager] has finished in [43] ms
08-Feb-2025 11:45:54.552 INFO [main] org.apache.catalina.startup.HostConfig.deployDirectory Deploying web application directory [/home/delca/Downloads/apache-tomcat-9.0.98/webapps/examples]
08-Feb-2025 11:45:55.442 INFO [main] org.apache.catalina.startup.HostConfig.deployDirectory Deployment of web application directory [/home/delca/Downloads/apache-tomcat-9.0.98/webapps/examples] has finished in [889] ms
08-Feb-2025 11:45:55.444 INFO [main] org.apache.catalina.startup.HostConfig.deployDirectory Deploying web application directory [/home/delca/Downloads/apache-tomcat-9.0.98/webapps/docs]
08-Feb-2025 11:45:55.573 INFO [main] org.apache.catalina.startup.HostConfig.deployDirectory Deployment of web application directory [/home/delca/Downloads/apache-tomcat-9.0.98/webapps/docs] has finished in [129] ms
08-Feb-2025 11:45:55.598 INFO [main] org.apache.catalina.startup.Catalina.start Server startup in [19420] milliseconds
