07-Feb-2025 12:42:40.190 INFO [main] org.apache.catalina.core.ApplicationContext.log ContextListener: contextInitialized()
07-Feb-2025 12:42:40.191 INFO [main] org.apache.catalina.core.ApplicationContext.log SessionListener: contextInitialized()
07-Feb-2025 12:42:40.193 INFO [main] org.apache.catalina.core.ApplicationContext.log ContextListener: attributeAdded('StockTicker', 'async.Stockticker@2177849e')
07-Feb-2025 12:43:38.037 INFO [main] org.apache.catalina.core.ApplicationContext.log SessionListener: contextDestroyed()
07-Feb-2025 12:43:38.037 INFO [main] org.apache.catalina.core.ApplicationContext.log ContextListener: contextDestroyed()
07-Feb-2025 13:33:53.831 INFO [main] org.apache.catalina.core.ApplicationContext.log 1 Spring WebApplicationInitializers detected on classpath
07-Feb-2025 13:33:57.274 INFO [main] org.apache.catalina.core.ApplicationContext.log ContextListener: contextInitialized()
07-Feb-2025 13:33:57.275 INFO [main] org.apache.catalina.core.ApplicationContext.log SessionListener: contextInitialized()
07-Feb-2025 13:33:57.281 INFO [main] org.apache.catalina.core.ApplicationContext.log ContextListener: attributeAdded('StockTicker', 'async.Stockticker@48e0e779')
07-Feb-2025 13:44:26.966 INFO [main] org.apache.catalina.core.ApplicationContext.log SessionListener: contextDestroyed()
07-Feb-2025 13:44:26.967 INFO [main] org.apache.catalina.core.ApplicationContext.log ContextListener: contextDestroyed()
07-Feb-2025 13:44:37.193 INFO [main] org.apache.catalina.core.ApplicationContext.log ContextListener: contextInitialized()
07-Feb-2025 13:44:37.194 INFO [main] org.apache.catalina.core.ApplicationContext.log SessionListener: contextInitialized()
07-Feb-2025 13:44:37.198 INFO [main] org.apache.catalina.core.ApplicationContext.log ContextListener: attributeAdded('StockTicker', 'async.Stockticker@2177849e')
07-Feb-2025 13:46:00.641 INFO [main] org.apache.catalina.core.ApplicationContext.log SessionListener: contextDestroyed()
07-Feb-2025 13:46:00.642 INFO [main] org.apache.catalina.core.ApplicationContext.log ContextListener: contextDestroyed()
07-Feb-2025 13:48:58.666 INFO [main] org.apache.catalina.core.ApplicationContext.log ContextListener: contextInitialized()
07-Feb-2025 13:48:58.667 INFO [main] org.apache.catalina.core.ApplicationContext.log SessionListener: contextInitialized()
07-Feb-2025 13:48:58.681 INFO [main] org.apache.catalina.core.ApplicationContext.log ContextListener: attributeAdded('StockTicker', 'async.Stockticker@2177849e')
07-Feb-2025 13:54:33.562 INFO [Catalina-utility-2] org.apache.catalina.core.ApplicationContext.log 1 Spring WebApplicationInitializers detected on classpath
07-Feb-2025 13:54:33.760 INFO [main] org.apache.catalina.core.ApplicationContext.log SessionListener: contextDestroyed()
07-Feb-2025 13:54:33.760 INFO [main] org.apache.catalina.core.ApplicationContext.log ContextListener: contextDestroyed()
07-Feb-2025 13:54:43.739 INFO [main] org.apache.catalina.core.ApplicationContext.log 1 Spring WebApplicationInitializers detected on classpath
07-Feb-2025 13:54:44.926 INFO [main] org.apache.catalina.core.ApplicationContext.log ContextListener: contextInitialized()
07-Feb-2025 13:54:44.927 INFO [main] org.apache.catalina.core.ApplicationContext.log SessionListener: contextInitialized()
07-Feb-2025 13:54:44.939 INFO [main] org.apache.catalina.core.ApplicationContext.log ContextListener: attributeAdded('StockTicker', 'async.Stockticker@36573ec5')
07-Feb-2025 13:56:36.328 INFO [main] org.apache.catalina.core.ApplicationContext.log SessionListener: contextDestroyed()
07-Feb-2025 13:56:36.329 INFO [main] org.apache.catalina.core.ApplicationContext.log ContextListener: contextDestroyed()
07-Feb-2025 14:04:01.714 INFO [main] org.apache.catalina.core.ApplicationContext.log 1 Spring WebApplicationInitializers detected on classpath
07-Feb-2025 14:04:02.472 INFO [main] org.apache.catalina.core.ApplicationContext.log ContextListener: contextInitialized()
07-Feb-2025 14:04:02.473 INFO [main] org.apache.catalina.core.ApplicationContext.log SessionListener: contextInitialized()
07-Feb-2025 14:04:02.475 INFO [main] org.apache.catalina.core.ApplicationContext.log ContextListener: attributeAdded('StockTicker', 'async.Stockticker@73502c47')
07-Feb-2025 14:25:35.173 INFO [main] org.apache.catalina.core.ApplicationContext.log SessionListener: contextDestroyed()
07-Feb-2025 14:25:35.174 INFO [main] org.apache.catalina.core.ApplicationContext.log ContextListener: contextDestroyed()
