22-Feb-2025 11:05:24.930 INFO [main] org.apache.catalina.core.ApplicationContext.log 2 Spring WebApplicationInitializers detected on classpath
22-Feb-2025 11:05:45.831 INFO [main] org.apache.catalina.core.ApplicationContext.log Initializing Spring embedded WebApplicationContext
22-Feb-2025 11:06:21.793 INFO [main] org.apache.catalina.core.ApplicationContext.log ContextListener: contextInitialized()
22-Feb-2025 11:06:21.794 INFO [main] org.apache.catalina.core.ApplicationContext.log SessionListener: contextInitialized()
22-Feb-2025 11:06:21.796 INFO [main] org.apache.catalina.core.ApplicationContext.log ContextListener: attributeAdded('StockTicker', 'async.Stockticker@39640f7b')
22-Feb-2025 11:06:42.196 INFO [http-nio-8080-exec-1] org.apache.catalina.core.ApplicationContext.log Initializing Spring DispatcherServlet 'dispatcherServlet'
22-Feb-2025 11:14:12.641 INFO [main] org.apache.catalina.core.ApplicationContext.log SessionListener: contextDestroyed()
22-Feb-2025 11:14:12.641 INFO [main] org.apache.catalina.core.ApplicationContext.log ContextListener: contextDestroyed()
22-Feb-2025 11:14:12.740 INFO [main] org.apache.catalina.core.ApplicationContext.log Destroying Spring FrameworkServlet 'dispatcherServlet'
22-Feb-2025 11:14:12.741 INFO [main] org.apache.catalina.core.ApplicationContext.log Closing Spring root WebApplicationContext
22-Feb-2025 11:36:36.922 INFO [main] org.apache.catalina.core.ApplicationContext.log 2 Spring WebApplicationInitializers detected on classpath
22-Feb-2025 11:36:46.923 INFO [main] org.apache.catalina.core.ApplicationContext.log Initializing Spring embedded WebApplicationContext
22-Feb-2025 11:36:59.867 INFO [main] org.apache.catalina.core.ApplicationContext.log ContextListener: contextInitialized()
22-Feb-2025 11:36:59.868 INFO [main] org.apache.catalina.core.ApplicationContext.log SessionListener: contextInitialized()
22-Feb-2025 11:36:59.873 INFO [main] org.apache.catalina.core.ApplicationContext.log ContextListener: attributeAdded('StockTicker', 'async.Stockticker@4eddb903')
22-Feb-2025 11:37:00.645 INFO [http-nio-8080-exec-1] org.apache.catalina.core.ApplicationContext.log Initializing Spring DispatcherServlet 'dispatcherServlet'
22-Feb-2025 11:38:51.627 INFO [main] org.apache.catalina.core.ApplicationContext.log SessionListener: contextDestroyed()
22-Feb-2025 11:38:51.627 INFO [main] org.apache.catalina.core.ApplicationContext.log ContextListener: contextDestroyed()
22-Feb-2025 11:38:51.641 INFO [main] org.apache.catalina.core.ApplicationContext.log Destroying Spring FrameworkServlet 'dispatcherServlet'
22-Feb-2025 11:38:51.642 INFO [main] org.apache.catalina.core.ApplicationContext.log Closing Spring root WebApplicationContext
22-Feb-2025 11:47:31.918 INFO [main] org.apache.catalina.core.ApplicationContext.log 2 Spring WebApplicationInitializers detected on classpath
22-Feb-2025 11:47:43.107 INFO [main] org.apache.catalina.core.ApplicationContext.log Initializing Spring embedded WebApplicationContext
22-Feb-2025 11:47:58.149 INFO [main] org.apache.catalina.core.ApplicationContext.log ContextListener: contextInitialized()
22-Feb-2025 11:47:58.150 INFO [main] org.apache.catalina.core.ApplicationContext.log SessionListener: contextInitialized()
22-Feb-2025 11:47:58.153 INFO [main] org.apache.catalina.core.ApplicationContext.log ContextListener: attributeAdded('StockTicker', 'async.Stockticker@56a70784')
22-Feb-2025 11:47:58.975 INFO [http-nio-8080-exec-1] org.apache.catalina.core.ApplicationContext.log Initializing Spring DispatcherServlet 'dispatcherServlet'
22-Feb-2025 11:48:11.459 INFO [main] org.apache.catalina.core.ApplicationContext.log SessionListener: contextDestroyed()
22-Feb-2025 11:48:11.459 INFO [main] org.apache.catalina.core.ApplicationContext.log ContextListener: contextDestroyed()
22-Feb-2025 11:48:11.476 INFO [main] org.apache.catalina.core.ApplicationContext.log Destroying Spring FrameworkServlet 'dispatcherServlet'
22-Feb-2025 11:48:11.477 INFO [main] org.apache.catalina.core.ApplicationContext.log Closing Spring root WebApplicationContext
