08-Feb-2025 09:55:19.048 INFO [main] org.apache.catalina.core.ApplicationContext.log 1 Spring WebApplicationInitializers detected on classpath
08-Feb-2025 09:55:21.070 INFO [main] org.apache.catalina.core.ApplicationContext.log ContextListener: contextInitialized()
08-Feb-2025 09:55:21.071 INFO [main] org.apache.catalina.core.ApplicationContext.log SessionListener: contextInitialized()
08-Feb-2025 09:55:21.074 INFO [main] org.apache.catalina.core.ApplicationContext.log ContextListener: attributeAdded('StockTicker', 'async.Stockticker@750e313c')
08-Feb-2025 10:01:40.744 INFO [main] org.apache.catalina.core.ApplicationContext.log SessionListener: contextDestroyed()
08-Feb-2025 10:01:40.744 INFO [main] org.apache.catalina.core.ApplicationContext.log ContextListener: contextDestroyed()
08-Feb-2025 10:01:57.373 INFO [main] org.apache.catalina.core.ApplicationContext.log 1 Spring WebApplicationInitializers detected on classpath
08-Feb-2025 10:01:59.437 INFO [main] org.apache.catalina.core.ApplicationContext.log ContextListener: contextInitialized()
08-Feb-2025 10:01:59.437 INFO [main] org.apache.catalina.core.ApplicationContext.log SessionListener: contextInitialized()
08-Feb-2025 10:01:59.445 INFO [main] org.apache.catalina.core.ApplicationContext.log ContextListener: attributeAdded('StockTicker', 'async.Stockticker@1766b7')
08-Feb-2025 10:56:33.852 SEVERE [Catalina-utility-2] org.apache.catalina.core.StandardContext.listenerStop Exception sending context destroyed event to listener instance of class [ch.qos.logback.classic.servlet.LogbackServletContextListener]
	java.lang.IllegalStateException: java.io.FileNotFoundException: /home/delca/Downloads/apache-tomcat-9.0.98/webapps/mlogika_spring-0.0.1-SNAPSHOT/WEB-INF/lib/jakarta.xml.bind-api-2.3.3.jar (No such file or directory)
		at org.apache.catalina.webresources.AbstractSingleArchiveResourceSet.getArchiveEntry(AbstractSingleArchiveResourceSet.java:100)
		at org.apache.catalina.webresources.AbstractArchiveResourceSet.getResource(AbstractArchiveResourceSet.java:250)
		at org.apache.catalina.webresources.StandardRoot.getResourceInternal(StandardRoot.java:272)
		at org.apache.catalina.webresources.Cache.getResource(Cache.java:64)
		at org.apache.catalina.webresources.StandardRoot.getResource(StandardRoot.java:211)
		at org.apache.catalina.webresources.StandardRoot.getClassLoaderResource(StandardRoot.java:220)
		at org.apache.catalina.loader.WebappClassLoaderBase.findClassInternal(WebappClassLoaderBase.java:2222)
		at org.apache.catalina.loader.WebappClassLoaderBase.findClassInternal(WebappClassLoaderBase.java:2208)
		at org.apache.catalina.loader.WebappClassLoaderBase.findClass(WebappClassLoaderBase.java:823)
		at org.apache.catalina.loader.WebappClassLoaderBase.loadClass(WebappClassLoaderBase.java:1310)
		at org.apache.catalina.loader.WebappClassLoaderBase.loadClass(WebappClassLoaderBase.java:1158)
		at ch.qos.logback.core.ContextBase.getLifeCycleManager(ContextBase.java:260)
		at ch.qos.logback.core.ContextBase.reset(ContextBase.java:175)
		at ch.qos.logback.classic.LoggerContext.reset(LoggerContext.java:220)
		at ch.qos.logback.classic.LoggerContext.stop(LoggerContext.java:348)
		at ch.qos.logback.classic.servlet.LogbackServletContextListener.contextDestroyed(LogbackServletContextListener.java:36)
		at org.apache.catalina.core.StandardContext.listenerStop(StandardContext.java:4062)
		at org.apache.catalina.core.StandardContext.stopInternal(StandardContext.java:4686)
		at org.apache.catalina.util.LifecycleBase.stop(LifecycleBase.java:235)
		at org.apache.catalina.core.ContainerBase.removeChild(ContainerBase.java:659)
		at org.apache.catalina.startup.HostConfig.undeploy(HostConfig.java:1438)
		at org.apache.catalina.startup.HostConfig.checkResources(HostConfig.java:1367)
		at org.apache.catalina.startup.HostConfig.check(HostConfig.java:1620)
		at org.apache.catalina.startup.HostConfig.lifecycleEvent(HostConfig.java:308)
		at org.apache.catalina.util.LifecycleBase.fireLifecycleEvent(LifecycleBase.java:109)
		at org.apache.catalina.core.ContainerBase.backgroundProcess(ContainerBase.java:973)
		at org.apache.catalina.core.ContainerBase$ContainerBackgroundProcessor.processChildren(ContainerBase.java:1172)
		at org.apache.catalina.core.ContainerBase$ContainerBackgroundProcessor.processChildren(ContainerBase.java:1176)
		at org.apache.catalina.core.ContainerBase$ContainerBackgroundProcessor.run(ContainerBase.java:1154)
		at java.util.concurrent.Executors$RunnableAdapter.call(Executors.java:511)
		at java.util.concurrent.FutureTask.runAndReset(FutureTask.java:308)
		at java.util.concurrent.ScheduledThreadPoolExecutor$ScheduledFutureTask.access$301(ScheduledThreadPoolExecutor.java:180)
		at java.util.concurrent.ScheduledThreadPoolExecutor$ScheduledFutureTask.run(ScheduledThreadPoolExecutor.java:294)
		at java.util.concurrent.ThreadPoolExecutor.runWorker(ThreadPoolExecutor.java:1142)
		at java.util.concurrent.ThreadPoolExecutor$Worker.run(ThreadPoolExecutor.java:617)
		at org.apache.tomcat.util.threads.TaskThread$WrappingRunnable.run(TaskThread.java:63)
		at java.lang.Thread.run(Thread.java:745)
	Caused by: java.io.FileNotFoundException: /home/delca/Downloads/apache-tomcat-9.0.98/webapps/mlogika_spring-0.0.1-SNAPSHOT/WEB-INF/lib/jakarta.xml.bind-api-2.3.3.jar (No such file or directory)
		at java.util.zip.ZipFile.open(Native Method)
		at java.util.zip.ZipFile.<init>(ZipFile.java:219)
		at java.util.zip.ZipFile.<init>(ZipFile.java:149)
		at java.util.jar.JarFile.<init>(JarFile.java:166)
		at java.util.jar.JarFile.<init>(JarFile.java:130)
		at org.apache.tomcat.util.compat.JreCompat.jarFileNewInstance(JreCompat.java:294)
		at org.apache.tomcat.util.compat.JreCompat.jarFileNewInstance(JreCompat.java:279)
		at org.apache.catalina.webresources.AbstractArchiveResourceSet.openJarFile(AbstractArchiveResourceSet.java:300)
		at org.apache.catalina.webresources.AbstractSingleArchiveResourceSet.getArchiveEntry(AbstractSingleArchiveResourceSet.java:96)
		... 36 more
08-Feb-2025 10:58:52.851 INFO [Catalina-utility-2] org.apache.catalina.core.ApplicationContext.log 1 Spring WebApplicationInitializers detected on classpath
08-Feb-2025 11:00:39.886 INFO [main] org.apache.catalina.core.ApplicationContext.log SessionListener: contextDestroyed()
08-Feb-2025 11:00:39.887 INFO [main] org.apache.catalina.core.ApplicationContext.log ContextListener: contextDestroyed()
08-Feb-2025 11:01:21.118 INFO [main] org.apache.catalina.core.ApplicationContext.log 1 Spring WebApplicationInitializers detected on classpath
08-Feb-2025 11:01:22.418 INFO [main] org.apache.catalina.core.ApplicationContext.log ContextListener: contextInitialized()
08-Feb-2025 11:01:22.419 INFO [main] org.apache.catalina.core.ApplicationContext.log SessionListener: contextInitialized()
08-Feb-2025 11:01:22.422 INFO [main] org.apache.catalina.core.ApplicationContext.log ContextListener: attributeAdded('StockTicker', 'async.Stockticker@293ccbdd')
08-Feb-2025 11:13:53.946 INFO [main] org.apache.catalina.core.ApplicationContext.log SessionListener: contextDestroyed()
08-Feb-2025 11:13:53.947 INFO [main] org.apache.catalina.core.ApplicationContext.log ContextListener: contextDestroyed()
08-Feb-2025 11:14:24.257 INFO [main] org.apache.catalina.core.ApplicationContext.log 1 Spring WebApplicationInitializers detected on classpath
08-Feb-2025 11:14:25.411 INFO [main] org.apache.catalina.core.ApplicationContext.log ContextListener: contextInitialized()
08-Feb-2025 11:14:25.412 INFO [main] org.apache.catalina.core.ApplicationContext.log SessionListener: contextInitialized()
08-Feb-2025 11:14:25.414 INFO [main] org.apache.catalina.core.ApplicationContext.log ContextListener: attributeAdded('StockTicker', 'async.Stockticker@293ccbdd')
08-Feb-2025 11:45:37.891 INFO [main] org.apache.catalina.core.ApplicationContext.log SessionListener: contextDestroyed()
08-Feb-2025 11:45:37.892 INFO [main] org.apache.catalina.core.ApplicationContext.log ContextListener: contextDestroyed()
08-Feb-2025 11:45:54.180 INFO [main] org.apache.catalina.core.ApplicationContext.log 1 Spring WebApplicationInitializers detected on classpath
08-Feb-2025 11:45:55.417 INFO [main] org.apache.catalina.core.ApplicationContext.log ContextListener: contextInitialized()
08-Feb-2025 11:45:55.418 INFO [main] org.apache.catalina.core.ApplicationContext.log SessionListener: contextInitialized()
08-Feb-2025 11:45:55.422 INFO [main] org.apache.catalina.core.ApplicationContext.log ContextListener: attributeAdded('StockTicker', 'async.Stockticker@4664fef')
